{"/Users/macdev2/Desktop/jobly/app.js": {"path":"/Users/macdev2/Desktop/jobly/app.js","statementMap":{"0":{"start":{"line":5,"column":16},"end":{"line":5,"column":34}},"1":{"start":{"line":6,"column":13},"end":{"line":6,"column":28}},"2":{"start":{"line":8,"column":26},"end":{"line":8,"column":51}},"3":{"start":{"line":10,"column":28},"end":{"line":10,"column":56}},"4":{"start":{"line":11,"column":19},"end":{"line":11,"column":43}},"5":{"start":{"line":12,"column":24},"end":{"line":12,"column":53}},"6":{"start":{"line":13,"column":20},"end":{"line":13,"column":45}},"7":{"start":{"line":14,"column":19},"end":{"line":14,"column":43}},"8":{"start":{"line":16,"column":15},"end":{"line":16,"column":32}},"9":{"start":{"line":18,"column":12},"end":{"line":18,"column":21}},"10":{"start":{"line":20,"column":0},"end":{"line":20,"column":16}},"11":{"start":{"line":21,"column":0},"end":{"line":21,"column":24}},"12":{"start":{"line":22,"column":0},"end":{"line":22,"column":24}},"13":{"start":{"line":23,"column":0},"end":{"line":23,"column":25}},"14":{"start":{"line":25,"column":0},"end":{"line":25,"column":29}},"15":{"start":{"line":26,"column":0},"end":{"line":26,"column":39}},"16":{"start":{"line":27,"column":0},"end":{"line":27,"column":31}},"17":{"start":{"line":28,"column":0},"end":{"line":28,"column":29}},"18":{"start":{"line":32,"column":0},"end":{"line":34,"column":3}},"19":{"start":{"line":33,"column":2},"end":{"line":33,"column":35}},"20":{"start":{"line":37,"column":0},"end":{"line":45,"column":3}},"21":{"start":{"line":38,"column":2},"end":{"line":38,"column":64}},"22":{"start":{"line":38,"column":39},"end":{"line":38,"column":64}},"23":{"start":{"line":39,"column":17},"end":{"line":39,"column":34}},"24":{"start":{"line":40,"column":18},"end":{"line":40,"column":29}},"25":{"start":{"line":42,"column":2},"end":{"line":44,"column":5}},"26":{"start":{"line":47,"column":0},"end":{"line":47,"column":21}}},"fnMap":{"0":{"name":"(anonymous_0)","decl":{"start":{"line":32,"column":8},"end":{"line":32,"column":9}},"loc":{"start":{"line":32,"column":34},"end":{"line":34,"column":1}},"line":32},"1":{"name":"(anonymous_1)","decl":{"start":{"line":37,"column":8},"end":{"line":37,"column":9}},"loc":{"start":{"line":37,"column":39},"end":{"line":45,"column":1}},"line":37}},"branchMap":{"0":{"loc":{"start":{"line":38,"column":2},"end":{"line":38,"column":64}},"type":"if","locations":[{"start":{"line":38,"column":2},"end":{"line":38,"column":64}},{"start":{},"end":{}}],"line":38},"1":{"loc":{"start":{"line":39,"column":17},"end":{"line":39,"column":34}},"type":"binary-expr","locations":[{"start":{"line":39,"column":17},"end":{"line":39,"column":27}},{"start":{"line":39,"column":31},"end":{"line":39,"column":34}}],"line":39}},"s":{"0":5,"1":5,"2":5,"3":5,"4":5,"5":5,"6":5,"7":5,"8":5,"9":5,"10":5,"11":5,"12":5,"13":5,"14":5,"15":5,"16":5,"17":5,"18":5,"19":2,"20":5,"21":46,"22":1,"23":46,"24":46,"25":46,"26":5},"f":{"0":2,"1":46},"b":{"0":[1,45],"1":[46,3]},"_coverageSchema":"1a1c01bbd47fc00a2c39e90264f33305004495a9","hash":"2a625a91cdf308a61fc6bf2cfb090775766d10f1"}
,"/Users/macdev2/Desktop/jobly/config.js": {"path":"/Users/macdev2/Desktop/jobly/config.js","statementMap":{"0":{"start":{"line":5,"column":0},"end":{"line":5,"column":27}},"1":{"start":{"line":6,"column":0},"end":{"line":6,"column":18}},"2":{"start":{"line":8,"column":19},"end":{"line":8,"column":57}},"3":{"start":{"line":10,"column":13},"end":{"line":10,"column":38}},"4":{"start":{"line":14,"column":2},"end":{"line":16,"column":44}},"5":{"start":{"line":22,"column":27},"end":{"line":22,"column":67}},"6":{"start":{"line":24,"column":0},"end":{"line":24,"column":35}},"7":{"start":{"line":25,"column":0},"end":{"line":25,"column":46}},"8":{"start":{"line":26,"column":0},"end":{"line":26,"column":45}},"9":{"start":{"line":27,"column":0},"end":{"line":27,"column":61}},"10":{"start":{"line":28,"column":0},"end":{"line":28,"column":50}},"11":{"start":{"line":29,"column":0},"end":{"line":29,"column":19}},"12":{"start":{"line":31,"column":0},"end":{"line":36,"column":2}}},"fnMap":{"0":{"name":"getDatabaseUri","decl":{"start":{"line":13,"column":9},"end":{"line":13,"column":23}},"loc":{"start":{"line":13,"column":26},"end":{"line":17,"column":1}},"line":13}},"branchMap":{"0":{"loc":{"start":{"line":8,"column":19},"end":{"line":8,"column":57}},"type":"binary-expr","locations":[{"start":{"line":8,"column":19},"end":{"line":8,"column":41}},{"start":{"line":8,"column":45},"end":{"line":8,"column":57}}],"line":8},"1":{"loc":{"start":{"line":10,"column":13},"end":{"line":10,"column":38}},"type":"binary-expr","locations":[{"start":{"line":10,"column":13},"end":{"line":10,"column":30}},{"start":{"line":10,"column":34},"end":{"line":10,"column":38}}],"line":10},"2":{"loc":{"start":{"line":14,"column":9},"end":{"line":16,"column":43}},"type":"cond-expr","locations":[{"start":{"line":15,"column":8},"end":{"line":15,"column":20}},{"start":{"line":16,"column":8},"end":{"line":16,"column":43}}],"line":14},"3":{"loc":{"start":{"line":16,"column":8},"end":{"line":16,"column":43}},"type":"binary-expr","locations":[{"start":{"line":16,"column":8},"end":{"line":16,"column":32}},{"start":{"line":16,"column":36},"end":{"line":16,"column":43}}],"line":16},"4":{"loc":{"start":{"line":22,"column":27},"end":{"line":22,"column":67}},"type":"cond-expr","locations":[{"start":{"line":22,"column":61},"end":{"line":22,"column":62}},{"start":{"line":22,"column":65},"end":{"line":22,"column":67}}],"line":22}},"s":{"0":12,"1":12,"2":12,"3":12,"4":24,"5":12,"6":12,"7":12,"8":12,"9":12,"10":12,"11":12,"12":12},"f":{"0":24},"b":{"0":[12,11],"1":[12,11],"2":[21,3],"3":[3,1],"4":[11,1]},"_coverageSchema":"1a1c01bbd47fc00a2c39e90264f33305004495a9","hash":"d7dda8132923289c17444556f35965cdae294207"}
,"/Users/macdev2/Desktop/jobly/db.js": {"path":"/Users/macdev2/Desktop/jobly/db.js","statementMap":{"0":{"start":{"line":3,"column":19},"end":{"line":3,"column":32}},"1":{"start":{"line":4,"column":27},"end":{"line":4,"column":46}},"2":{"start":{"line":8,"column":0},"end":{"line":19,"column":1}},"3":{"start":{"line":9,"column":2},"end":{"line":14,"column":5}},"4":{"start":{"line":16,"column":2},"end":{"line":18,"column":5}},"5":{"start":{"line":21,"column":0},"end":{"line":21,"column":13}},"6":{"start":{"line":23,"column":0},"end":{"line":23,"column":20}}},"fnMap":{},"branchMap":{"0":{"loc":{"start":{"line":8,"column":0},"end":{"line":19,"column":1}},"type":"if","locations":[{"start":{"line":8,"column":0},"end":{"line":19,"column":1}},{"start":{"line":15,"column":7},"end":{"line":19,"column":1}}],"line":8}},"s":{"0":9,"1":9,"2":9,"3":0,"4":9,"5":9,"6":9},"f":{},"b":{"0":[0,9]},"_coverageSchema":"1a1c01bbd47fc00a2c39e90264f33305004495a9","hash":"5505dc5a2f03506d0f3bb1e8a1263cea97d44b67"}
,"/Users/macdev2/Desktop/jobly/expressError.js": {"path":"/Users/macdev2/Desktop/jobly/expressError.js","statementMap":{"0":{"start":{"line":9,"column":4},"end":{"line":9,"column":12}},"1":{"start":{"line":10,"column":4},"end":{"line":10,"column":27}},"2":{"start":{"line":11,"column":4},"end":{"line":11,"column":25}},"3":{"start":{"line":19,"column":4},"end":{"line":19,"column":24}},"4":{"start":{"line":27,"column":4},"end":{"line":27,"column":24}},"5":{"start":{"line":35,"column":4},"end":{"line":35,"column":24}},"6":{"start":{"line":43,"column":4},"end":{"line":43,"column":24}},"7":{"start":{"line":47,"column":0},"end":{"line":53,"column":2}}},"fnMap":{"0":{"name":"(anonymous_0)","decl":{"start":{"line":8,"column":2},"end":{"line":8,"column":3}},"loc":{"start":{"line":8,"column":31},"end":{"line":12,"column":3}},"line":8},"1":{"name":"(anonymous_1)","decl":{"start":{"line":18,"column":2},"end":{"line":18,"column":3}},"loc":{"start":{"line":18,"column":37},"end":{"line":20,"column":3}},"line":18},"2":{"name":"(anonymous_2)","decl":{"start":{"line":26,"column":2},"end":{"line":26,"column":3}},"loc":{"start":{"line":26,"column":40},"end":{"line":28,"column":3}},"line":26},"3":{"name":"(anonymous_3)","decl":{"start":{"line":34,"column":2},"end":{"line":34,"column":3}},"loc":{"start":{"line":34,"column":39},"end":{"line":36,"column":3}},"line":34},"4":{"name":"(anonymous_4)","decl":{"start":{"line":42,"column":2},"end":{"line":42,"column":3}},"loc":{"start":{"line":42,"column":39},"end":{"line":44,"column":3}},"line":42}},"branchMap":{"0":{"loc":{"start":{"line":18,"column":14},"end":{"line":18,"column":35}},"type":"default-arg","locations":[{"start":{"line":18,"column":24},"end":{"line":18,"column":35}}],"line":18},"1":{"loc":{"start":{"line":26,"column":14},"end":{"line":26,"column":38}},"type":"default-arg","locations":[{"start":{"line":26,"column":24},"end":{"line":26,"column":38}}],"line":26},"2":{"loc":{"start":{"line":34,"column":14},"end":{"line":34,"column":37}},"type":"default-arg","locations":[{"start":{"line":34,"column":24},"end":{"line":34,"column":37}}],"line":34},"3":{"loc":{"start":{"line":42,"column":14},"end":{"line":42,"column":37}},"type":"default-arg","locations":[{"start":{"line":42,"column":24},"end":{"line":42,"column":37}}],"line":42}},"s":{"0":60,"1":60,"2":60,"3":18,"4":21,"5":21,"6":0,"7":10},"f":{"0":60,"1":18,"2":21,"3":21,"4":0},"b":{"0":[2],"1":[17],"2":[0],"3":[0]},"_coverageSchema":"1a1c01bbd47fc00a2c39e90264f33305004495a9","hash":"865da2d49d827455ab88e6b8d9c309c79b8826cd"}
,"/Users/macdev2/Desktop/jobly/helpers/sql.js": {"path":"/Users/macdev2/Desktop/jobly/helpers/sql.js","statementMap":{"0":{"start":{"line":1,"column":27},"end":{"line":1,"column":63}},"1":{"start":{"line":2,"column":28},"end":{"line":2,"column":54}},"2":{"start":{"line":15,"column":15},"end":{"line":15,"column":40}},"3":{"start":{"line":17,"column":2},"end":{"line":17,"column":62}},"4":{"start":{"line":17,"column":25},"end":{"line":17,"column":62}},"5":{"start":{"line":20,"column":15},"end":{"line":22,"column":3}},"6":{"start":{"line":21,"column":6},"end":{"line":21,"column":52}},"7":{"start":{"line":24,"column":2},"end":{"line":27,"column":4}},"8":{"start":{"line":39,"column":2},"end":{"line":45,"column":3}},"9":{"start":{"line":40,"column":4},"end":{"line":40,"column":58}},"10":{"start":{"line":41,"column":4},"end":{"line":41,"column":18}},"11":{"start":{"line":43,"column":4},"end":{"line":43,"column":25}},"12":{"start":{"line":44,"column":4},"end":{"line":44,"column":20}},"13":{"start":{"line":47,"column":2},"end":{"line":61,"column":3}},"14":{"start":{"line":49,"column":4},"end":{"line":51,"column":5}},"15":{"start":{"line":50,"column":6},"end":{"line":50,"column":75}},"16":{"start":{"line":52,"column":4},"end":{"line":52,"column":128}},"17":{"start":{"line":54,"column":7},"end":{"line":61,"column":3}},"18":{"start":{"line":55,"column":4},"end":{"line":55,"column":87}},"19":{"start":{"line":57,"column":7},"end":{"line":61,"column":3}},"20":{"start":{"line":58,"column":4},"end":{"line":58,"column":87}},"21":{"start":{"line":60,"column":4},"end":{"line":60,"column":35}},"22":{"start":{"line":62,"column":2},"end":{"line":68,"column":29}},"23":{"start":{"line":80,"column":2},"end":{"line":86,"column":3}},"24":{"start":{"line":81,"column":4},"end":{"line":81,"column":60}},"25":{"start":{"line":82,"column":4},"end":{"line":82,"column":18}},"26":{"start":{"line":84,"column":4},"end":{"line":84,"column":25}},"27":{"start":{"line":85,"column":4},"end":{"line":85,"column":20}},"28":{"start":{"line":87,"column":2},"end":{"line":95,"column":3}},"29":{"start":{"line":88,"column":4},"end":{"line":88,"column":92}},"30":{"start":{"line":89,"column":9},"end":{"line":95,"column":3}},"31":{"start":{"line":90,"column":4},"end":{"line":90,"column":77}},"32":{"start":{"line":91,"column":9},"end":{"line":95,"column":3}},"33":{"start":{"line":92,"column":4},"end":{"line":92,"column":61}},"34":{"start":{"line":94,"column":4},"end":{"line":94,"column":35}},"35":{"start":{"line":96,"column":2},"end":{"line":101,"column":29}},"36":{"start":{"line":106,"column":20},"end":{"line":106,"column":95}},"37":{"start":{"line":107,"column":19},"end":{"line":107,"column":21}},"38":{"start":{"line":108,"column":2},"end":{"line":112,"column":4}},"39":{"start":{"line":109,"column":4},"end":{"line":111,"column":5}},"40":{"start":{"line":110,"column":6},"end":{"line":110,"column":36}},"41":{"start":{"line":113,"column":2},"end":{"line":113,"column":19}},"42":{"start":{"line":116,"column":0},"end":{"line":116,"column":106}}},"fnMap":{"0":{"name":"sqlForPartialUpdate","decl":{"start":{"line":14,"column":9},"end":{"line":14,"column":28}},"loc":{"start":{"line":14,"column":52},"end":{"line":28,"column":1}},"line":14},"1":{"name":"(anonymous_1)","decl":{"start":{"line":20,"column":24},"end":{"line":20,"column":25}},"loc":{"start":{"line":21,"column":6},"end":{"line":21,"column":52}},"line":21},"2":{"name":"generateSearchQuery","decl":{"start":{"line":30,"column":9},"end":{"line":30,"column":28}},"loc":{"start":{"line":30,"column":35},"end":{"line":69,"column":1}},"line":30},"3":{"name":"generateJobSearchQuery","decl":{"start":{"line":71,"column":9},"end":{"line":71,"column":31}},"loc":{"start":{"line":71,"column":38},"end":{"line":102,"column":1}},"line":71},"4":{"name":"filterSearchParams","decl":{"start":{"line":104,"column":9},"end":{"line":104,"column":27}},"loc":{"start":{"line":104,"column":36},"end":{"line":114,"column":1}},"line":104},"5":{"name":"(anonymous_5)","decl":{"start":{"line":108,"column":32},"end":{"line":108,"column":33}},"loc":{"start":{"line":108,"column":38},"end":{"line":112,"column":3}},"line":108}},"branchMap":{"0":{"loc":{"start":{"line":17,"column":2},"end":{"line":17,"column":62}},"type":"if","locations":[{"start":{"line":17,"column":2},"end":{"line":17,"column":62}},{"start":{},"end":{}}],"line":17},"1":{"loc":{"start":{"line":21,"column":10},"end":{"line":21,"column":37}},"type":"binary-expr","locations":[{"start":{"line":21,"column":10},"end":{"line":21,"column":26}},{"start":{"line":21,"column":30},"end":{"line":21,"column":37}}],"line":21},"2":{"loc":{"start":{"line":39,"column":2},"end":{"line":45,"column":3}},"type":"if","locations":[{"start":{"line":39,"column":2},"end":{"line":45,"column":3}},{"start":{"line":42,"column":9},"end":{"line":45,"column":3}}],"line":39},"3":{"loc":{"start":{"line":47,"column":2},"end":{"line":61,"column":3}},"type":"if","locations":[{"start":{"line":47,"column":2},"end":{"line":61,"column":3}},{"start":{"line":54,"column":7},"end":{"line":61,"column":3}}],"line":47},"4":{"loc":{"start":{"line":47,"column":5},"end":{"line":47,"column":53}},"type":"binary-expr","locations":[{"start":{"line":47,"column":5},"end":{"line":47,"column":27}},{"start":{"line":47,"column":31},"end":{"line":47,"column":53}}],"line":47},"5":{"loc":{"start":{"line":49,"column":4},"end":{"line":51,"column":5}},"type":"if","locations":[{"start":{"line":49,"column":4},"end":{"line":51,"column":5}},{"start":{},"end":{}}],"line":49},"6":{"loc":{"start":{"line":49,"column":7},"end":{"line":49,"column":87}},"type":"binary-expr","locations":[{"start":{"line":49,"column":7},"end":{"line":49,"column":44}},{"start":{"line":49,"column":48},"end":{"line":49,"column":87}}],"line":49},"7":{"loc":{"start":{"line":54,"column":7},"end":{"line":61,"column":3}},"type":"if","locations":[{"start":{"line":54,"column":7},"end":{"line":61,"column":3}},{"start":{"line":57,"column":7},"end":{"line":61,"column":3}}],"line":54},"8":{"loc":{"start":{"line":57,"column":7},"end":{"line":61,"column":3}},"type":"if","locations":[{"start":{"line":57,"column":7},"end":{"line":61,"column":3}},{"start":{"line":59,"column":9},"end":{"line":61,"column":3}}],"line":57},"9":{"loc":{"start":{"line":80,"column":2},"end":{"line":86,"column":3}},"type":"if","locations":[{"start":{"line":80,"column":2},"end":{"line":86,"column":3}},{"start":{"line":83,"column":9},"end":{"line":86,"column":3}}],"line":80},"10":{"loc":{"start":{"line":87,"column":2},"end":{"line":95,"column":3}},"type":"if","locations":[{"start":{"line":87,"column":2},"end":{"line":95,"column":3}},{"start":{"line":89,"column":9},"end":{"line":95,"column":3}}],"line":87},"11":{"loc":{"start":{"line":87,"column":5},"end":{"line":87,"column":42}},"type":"binary-expr","locations":[{"start":{"line":87,"column":5},"end":{"line":87,"column":19}},{"start":{"line":87,"column":23},"end":{"line":87,"column":42}}],"line":87},"12":{"loc":{"start":{"line":89,"column":9},"end":{"line":95,"column":3}},"type":"if","locations":[{"start":{"line":89,"column":9},"end":{"line":95,"column":3}},{"start":{"line":91,"column":9},"end":{"line":95,"column":3}}],"line":89},"13":{"loc":{"start":{"line":89,"column":13},"end":{"line":89,"column":51}},"type":"binary-expr","locations":[{"start":{"line":89,"column":13},"end":{"line":89,"column":28}},{"start":{"line":89,"column":32},"end":{"line":89,"column":51}}],"line":89},"14":{"loc":{"start":{"line":91,"column":9},"end":{"line":95,"column":3}},"type":"if","locations":[{"start":{"line":91,"column":9},"end":{"line":95,"column":3}},{"start":{"line":93,"column":9},"end":{"line":95,"column":3}}],"line":91},"15":{"loc":{"start":{"line":91,"column":13},"end":{"line":91,"column":53}},"type":"binary-expr","locations":[{"start":{"line":91,"column":13},"end":{"line":91,"column":27}},{"start":{"line":91,"column":31},"end":{"line":91,"column":53}}],"line":91},"16":{"loc":{"start":{"line":109,"column":4},"end":{"line":111,"column":5}},"type":"if","locations":[{"start":{"line":109,"column":4},"end":{"line":111,"column":5}},{"start":{},"end":{}}],"line":109}},"s":{"0":9,"1":9,"2":21,"3":21,"4":4,"5":17,"6":32,"7":17,"8":4,"9":1,"10":1,"11":3,"12":3,"13":4,"14":1,"15":1,"16":0,"17":3,"18":2,"19":1,"20":0,"21":1,"22":3,"23":5,"24":2,"25":2,"26":3,"27":3,"28":5,"29":0,"30":5,"31":3,"32":2,"33":0,"34":2,"35":5,"36":9,"37":9,"38":9,"39":10,"40":10,"41":9,"42":9},"f":{"0":21,"1":32,"2":4,"3":5,"4":9,"5":10},"b":{"0":[4,17],"1":[32,17],"2":[1,3],"3":[1,3],"4":[4,3],"5":[1,0],"6":[1,0],"7":[2,1],"8":[0,1],"9":[2,3],"10":[0,5],"11":[5,0],"12":[3,2],"13":[5,5],"14":[0,2],"15":[2,0],"16":[10,0]},"_coverageSchema":"1a1c01bbd47fc00a2c39e90264f33305004495a9","hash":"00887e97db25bdce7857af539e6cedd6afe2e398"}
,"/Users/macdev2/Desktop/jobly/helpers/tokens.js": {"path":"/Users/macdev2/Desktop/jobly/helpers/tokens.js","statementMap":{"0":{"start":{"line":1,"column":12},"end":{"line":1,"column":35}},"1":{"start":{"line":2,"column":23},"end":{"line":2,"column":43}},"2":{"start":{"line":7,"column":2},"end":{"line":8,"column":58}},"3":{"start":{"line":10,"column":16},"end":{"line":13,"column":3}},"4":{"start":{"line":15,"column":2},"end":{"line":15,"column":39}},"5":{"start":{"line":18,"column":0},"end":{"line":18,"column":33}}},"fnMap":{"0":{"name":"createToken","decl":{"start":{"line":6,"column":9},"end":{"line":6,"column":20}},"loc":{"start":{"line":6,"column":27},"end":{"line":16,"column":1}},"line":6}},"branchMap":{"0":{"loc":{"start":{"line":12,"column":13},"end":{"line":12,"column":34}},"type":"binary-expr","locations":[{"start":{"line":12,"column":13},"end":{"line":12,"column":25}},{"start":{"line":12,"column":29},"end":{"line":12,"column":34}}],"line":12}},"s":{"0":7,"1":7,"2":17,"3":17,"4":17,"5":7},"f":{"0":17},"b":{"0":[17,10]},"_coverageSchema":"1a1c01bbd47fc00a2c39e90264f33305004495a9","hash":"cd2a86364b6f51cf93166f93e41a31f3f053906c"}
,"/Users/macdev2/Desktop/jobly/middleware/auth.js": {"path":"/Users/macdev2/Desktop/jobly/middleware/auth.js","statementMap":{"0":{"start":{"line":5,"column":12},"end":{"line":5,"column":35}},"1":{"start":{"line":6,"column":23},"end":{"line":6,"column":43}},"2":{"start":{"line":7,"column":30},"end":{"line":7,"column":56}},"3":{"start":{"line":19,"column":2},"end":{"line":28,"column":3}},"4":{"start":{"line":20,"column":23},"end":{"line":20,"column":63}},"5":{"start":{"line":21,"column":4},"end":{"line":24,"column":5}},"6":{"start":{"line":22,"column":22},"end":{"line":22,"column":66}},"7":{"start":{"line":23,"column":8},"end":{"line":23,"column":56}},"8":{"start":{"line":25,"column":4},"end":{"line":25,"column":18}},"9":{"start":{"line":27,"column":4},"end":{"line":27,"column":18}},"10":{"start":{"line":37,"column":2},"end":{"line":42,"column":3}},"11":{"start":{"line":38,"column":4},"end":{"line":38,"column":56}},"12":{"start":{"line":38,"column":26},"end":{"line":38,"column":56}},"13":{"start":{"line":39,"column":4},"end":{"line":39,"column":18}},"14":{"start":{"line":41,"column":4},"end":{"line":41,"column":21}},"15":{"start":{"line":51,"column":2},"end":{"line":56,"column":3}},"16":{"start":{"line":52,"column":4},"end":{"line":52,"column":64}},"17":{"start":{"line":52,"column":34},"end":{"line":52,"column":64}},"18":{"start":{"line":53,"column":4},"end":{"line":53,"column":18}},"19":{"start":{"line":55,"column":4},"end":{"line":55,"column":21}},"20":{"start":{"line":60,"column":2},"end":{"line":70,"column":3}},"21":{"start":{"line":62,"column":18},"end":{"line":62,"column":77}},"22":{"start":{"line":64,"column":17},"end":{"line":64,"column":34}},"23":{"start":{"line":66,"column":4},"end":{"line":66,"column":111}},"24":{"start":{"line":66,"column":81},"end":{"line":66,"column":111}},"25":{"start":{"line":67,"column":4},"end":{"line":67,"column":18}},"26":{"start":{"line":69,"column":4},"end":{"line":69,"column":21}},"27":{"start":{"line":74,"column":0},"end":{"line":79,"column":2}}},"fnMap":{"0":{"name":"authenticateJWT","decl":{"start":{"line":18,"column":9},"end":{"line":18,"column":24}},"loc":{"start":{"line":18,"column":41},"end":{"line":29,"column":1}},"line":18},"1":{"name":"ensureLoggedIn","decl":{"start":{"line":36,"column":9},"end":{"line":36,"column":23}},"loc":{"start":{"line":36,"column":40},"end":{"line":43,"column":1}},"line":36},"2":{"name":"isAdmin","decl":{"start":{"line":50,"column":9},"end":{"line":50,"column":16}},"loc":{"start":{"line":50,"column":33},"end":{"line":57,"column":1}},"line":50},"3":{"name":"isAuthUser","decl":{"start":{"line":59,"column":9},"end":{"line":59,"column":19}},"loc":{"start":{"line":59,"column":36},"end":{"line":71,"column":1}},"line":59}},"branchMap":{"0":{"loc":{"start":{"line":20,"column":23},"end":{"line":20,"column":63}},"type":"binary-expr","locations":[{"start":{"line":20,"column":23},"end":{"line":20,"column":34}},{"start":{"line":20,"column":38},"end":{"line":20,"column":63}}],"line":20},"1":{"loc":{"start":{"line":21,"column":4},"end":{"line":24,"column":5}},"type":"if","locations":[{"start":{"line":21,"column":4},"end":{"line":24,"column":5}},{"start":{},"end":{}}],"line":21},"2":{"loc":{"start":{"line":38,"column":4},"end":{"line":38,"column":56}},"type":"if","locations":[{"start":{"line":38,"column":4},"end":{"line":38,"column":56}},{"start":{},"end":{}}],"line":38},"3":{"loc":{"start":{"line":52,"column":4},"end":{"line":52,"column":64}},"type":"if","locations":[{"start":{"line":52,"column":4},"end":{"line":52,"column":64}},{"start":{},"end":{}}],"line":52},"4":{"loc":{"start":{"line":66,"column":4},"end":{"line":66,"column":111}},"type":"if","locations":[{"start":{"line":66,"column":4},"end":{"line":66,"column":111}},{"start":{},"end":{}}],"line":66},"5":{"loc":{"start":{"line":66,"column":8},"end":{"line":66,"column":79}},"type":"binary-expr","locations":[{"start":{"line":66,"column":8},"end":{"line":66,"column":32}},{"start":{"line":66,"column":36},"end":{"line":66,"column":79}}],"line":66}},"s":{"0":6,"1":6,"2":6,"3":82,"4":82,"5":82,"6":44,"7":44,"8":81,"9":1,"10":52,"11":52,"12":10,"13":42,"14":10,"15":30,"16":30,"17":7,"18":23,"19":7,"20":11,"21":11,"22":11,"23":11,"24":0,"25":11,"26":0,"27":6},"f":{"0":82,"1":52,"2":30,"3":11},"b":{"0":[82,81],"1":[44,38],"2":[10,42],"3":[7,23],"4":[0,11],"5":[11,8]},"_coverageSchema":"1a1c01bbd47fc00a2c39e90264f33305004495a9","hash":"dfe0156dd1464f02a4b52c2c87e45340773ff2f6"}
,"/Users/macdev2/Desktop/jobly/models/_testCommon.js": {"path":"/Users/macdev2/Desktop/jobly/models/_testCommon.js","statementMap":{"0":{"start":{"line":1,"column":15},"end":{"line":1,"column":32}},"1":{"start":{"line":3,"column":11},"end":{"line":3,"column":30}},"2":{"start":{"line":4,"column":31},"end":{"line":4,"column":51}},"3":{"start":{"line":8,"column":2},"end":{"line":8,"column":42}},"4":{"start":{"line":10,"column":2},"end":{"line":10,"column":38}},"5":{"start":{"line":12,"column":2},"end":{"line":16,"column":55}},"6":{"start":{"line":18,"column":2},"end":{"line":30,"column":9}},"7":{"start":{"line":32,"column":2},"end":{"line":36,"column":58}},"8":{"start":{"line":40,"column":2},"end":{"line":40,"column":26}},"9":{"start":{"line":44,"column":2},"end":{"line":44,"column":29}},"10":{"start":{"line":48,"column":2},"end":{"line":48,"column":17}},"11":{"start":{"line":52,"column":0},"end":{"line":57,"column":2}}},"fnMap":{"0":{"name":"commonBeforeAll","decl":{"start":{"line":6,"column":15},"end":{"line":6,"column":30}},"loc":{"start":{"line":6,"column":33},"end":{"line":37,"column":1}},"line":6},"1":{"name":"commonBeforeEach","decl":{"start":{"line":39,"column":15},"end":{"line":39,"column":31}},"loc":{"start":{"line":39,"column":34},"end":{"line":41,"column":1}},"line":39},"2":{"name":"commonAfterEach","decl":{"start":{"line":43,"column":15},"end":{"line":43,"column":30}},"loc":{"start":{"line":43,"column":33},"end":{"line":45,"column":1}},"line":43},"3":{"name":"commonAfterAll","decl":{"start":{"line":47,"column":15},"end":{"line":47,"column":29}},"loc":{"start":{"line":47,"column":32},"end":{"line":49,"column":1}},"line":47}},"branchMap":{},"s":{"0":3,"1":3,"2":3,"3":3,"4":3,"5":3,"6":3,"7":3,"8":39,"9":39,"10":3,"11":3},"f":{"0":3,"1":39,"2":39,"3":3},"b":{},"_coverageSchema":"1a1c01bbd47fc00a2c39e90264f33305004495a9","hash":"7bb2e395dda1e990f2f967505f12c2c85bb9064f"}
,"/Users/macdev2/Desktop/jobly/models/company.js": {"path":"/Users/macdev2/Desktop/jobly/models/company.js","statementMap":{"0":{"start":{"line":3,"column":11},"end":{"line":3,"column":27}},"1":{"start":{"line":4,"column":43},"end":{"line":4,"column":69}},"2":{"start":{"line":5,"column":73},"end":{"line":5,"column":98}},"3":{"start":{"line":20,"column":27},"end":{"line":24,"column":17}},"4":{"start":{"line":26,"column":4},"end":{"line":27,"column":64}},"5":{"start":{"line":27,"column":6},"end":{"line":27,"column":64}},"6":{"start":{"line":29,"column":19},"end":{"line":41,"column":5}},"7":{"start":{"line":42,"column":20},"end":{"line":42,"column":34}},"8":{"start":{"line":44,"column":4},"end":{"line":44,"column":19}},"9":{"start":{"line":53,"column":25},"end":{"line":60,"column":26}},"10":{"start":{"line":61,"column":4},"end":{"line":61,"column":29}},"11":{"start":{"line":73,"column":23},"end":{"line":81,"column":17}},"12":{"start":{"line":83,"column":20},"end":{"line":83,"column":38}},"13":{"start":{"line":85,"column":4},"end":{"line":85,"column":67}},"14":{"start":{"line":85,"column":18},"end":{"line":85,"column":67}},"15":{"start":{"line":87,"column":4},"end":{"line":87,"column":19}},"16":{"start":{"line":103,"column":32},"end":{"line":108,"column":10}},"17":{"start":{"line":109,"column":25},"end":{"line":109,"column":50}},"18":{"start":{"line":111,"column":21},"end":{"line":118,"column":54}},"19":{"start":{"line":119,"column":19},"end":{"line":119,"column":64}},"20":{"start":{"line":120,"column":20},"end":{"line":120,"column":34}},"21":{"start":{"line":122,"column":4},"end":{"line":122,"column":67}},"22":{"start":{"line":122,"column":18},"end":{"line":122,"column":67}},"23":{"start":{"line":124,"column":4},"end":{"line":124,"column":19}},"24":{"start":{"line":133,"column":19},"end":{"line":138,"column":17}},"25":{"start":{"line":139,"column":20},"end":{"line":139,"column":34}},"26":{"start":{"line":141,"column":4},"end":{"line":141,"column":67}},"27":{"start":{"line":141,"column":18},"end":{"line":141,"column":67}},"28":{"start":{"line":154,"column":23},"end":{"line":154,"column":47}},"29":{"start":{"line":155,"column":4},"end":{"line":163,"column":5}},"30":{"start":{"line":156,"column":18},"end":{"line":156,"column":51}},"31":{"start":{"line":157,"column":6},"end":{"line":160,"column":7}},"32":{"start":{"line":158,"column":21},"end":{"line":158,"column":42}},"33":{"start":{"line":159,"column":8},"end":{"line":159,"column":27}},"34":{"start":{"line":162,"column":6},"end":{"line":162,"column":71}},"35":{"start":{"line":169,"column":0},"end":{"line":169,"column":25}}},"fnMap":{"0":{"name":"(anonymous_0)","decl":{"start":{"line":19,"column":2},"end":{"line":19,"column":3}},"loc":{"start":{"line":19,"column":76},"end":{"line":45,"column":3}},"line":19},"1":{"name":"(anonymous_1)","decl":{"start":{"line":52,"column":2},"end":{"line":52,"column":3}},"loc":{"start":{"line":52,"column":25},"end":{"line":62,"column":3}},"line":52},"2":{"name":"(anonymous_2)","decl":{"start":{"line":72,"column":2},"end":{"line":72,"column":3}},"loc":{"start":{"line":72,"column":27},"end":{"line":88,"column":3}},"line":72},"3":{"name":"(anonymous_3)","decl":{"start":{"line":102,"column":2},"end":{"line":102,"column":3}},"loc":{"start":{"line":102,"column":36},"end":{"line":125,"column":3}},"line":102},"4":{"name":"(anonymous_4)","decl":{"start":{"line":132,"column":2},"end":{"line":132,"column":3}},"loc":{"start":{"line":132,"column":30},"end":{"line":142,"column":3}},"line":132},"5":{"name":"(anonymous_5)","decl":{"start":{"line":151,"column":2},"end":{"line":151,"column":3}},"loc":{"start":{"line":151,"column":36},"end":{"line":165,"column":3}},"line":151}},"branchMap":{"0":{"loc":{"start":{"line":26,"column":4},"end":{"line":27,"column":64}},"type":"if","locations":[{"start":{"line":26,"column":4},"end":{"line":27,"column":64}},{"start":{},"end":{}}],"line":26},"1":{"loc":{"start":{"line":85,"column":4},"end":{"line":85,"column":67}},"type":"if","locations":[{"start":{"line":85,"column":4},"end":{"line":85,"column":67}},{"start":{},"end":{}}],"line":85},"2":{"loc":{"start":{"line":122,"column":4},"end":{"line":122,"column":67}},"type":"if","locations":[{"start":{"line":122,"column":4},"end":{"line":122,"column":67}},{"start":{},"end":{}}],"line":122},"3":{"loc":{"start":{"line":141,"column":4},"end":{"line":141,"column":67}},"type":"if","locations":[{"start":{"line":141,"column":4},"end":{"line":141,"column":67}},{"start":{},"end":{}}],"line":141},"4":{"loc":{"start":{"line":155,"column":4},"end":{"line":163,"column":5}},"type":"if","locations":[{"start":{"line":155,"column":4},"end":{"line":163,"column":5}},{"start":{"line":161,"column":11},"end":{"line":163,"column":5}}],"line":155},"5":{"loc":{"start":{"line":157,"column":6},"end":{"line":160,"column":7}},"type":"if","locations":[{"start":{"line":157,"column":6},"end":{"line":160,"column":7}},{"start":{},"end":{}}],"line":157}},"s":{"0":7,"1":7,"2":7,"3":19,"4":19,"5":1,"6":18,"7":18,"8":18,"9":3,"10":2,"11":5,"12":5,"13":5,"14":2,"15":3,"16":6,"17":5,"18":5,"19":5,"20":5,"21":5,"22":2,"23":3,"24":4,"25":4,"26":4,"27":2,"28":4,"29":4,"30":4,"31":3,"32":3,"33":3,"34":0,"35":7},"f":{"0":19,"1":3,"2":5,"3":6,"4":4,"5":4},"b":{"0":[1,18],"1":[2,3],"2":[2,3],"3":[2,2],"4":[4,0],"5":[3,0]},"_coverageSchema":"1a1c01bbd47fc00a2c39e90264f33305004495a9","hash":"572e058ebad2f1152f874b1b29a6c604ee8cdffe"}
,"/Users/macdev2/Desktop/jobly/models/job.js": {"path":"/Users/macdev2/Desktop/jobly/models/job.js","statementMap":{"0":{"start":{"line":3,"column":11},"end":{"line":3,"column":27}},"1":{"start":{"line":4,"column":27},"end":{"line":4,"column":53}},"2":{"start":{"line":5,"column":97},"end":{"line":5,"column":122}},"3":{"start":{"line":8,"column":12},"end":{"line":8,"column":31}},"4":{"start":{"line":9,"column":0},"end":{"line":9,"column":46}},"5":{"start":{"line":23,"column":19},"end":{"line":34,"column":5}},"6":{"start":{"line":35,"column":16},"end":{"line":35,"column":30}},"7":{"start":{"line":37,"column":4},"end":{"line":37,"column":61}},"8":{"start":{"line":37,"column":14},"end":{"line":37,"column":61}},"9":{"start":{"line":39,"column":4},"end":{"line":39,"column":15}},"10":{"start":{"line":48,"column":20},"end":{"line":53,"column":22}},"11":{"start":{"line":54,"column":4},"end":{"line":54,"column":24}},"12":{"start":{"line":66,"column":20},"end":{"line":74,"column":33}},"13":{"start":{"line":75,"column":17},"end":{"line":75,"column":29}},"14":{"start":{"line":77,"column":4},"end":{"line":77,"column":64}},"15":{"start":{"line":77,"column":15},"end":{"line":77,"column":64}},"16":{"start":{"line":79,"column":4},"end":{"line":79,"column":16}},"17":{"start":{"line":89,"column":20},"end":{"line":97,"column":29}},"18":{"start":{"line":98,"column":17},"end":{"line":98,"column":29}},"19":{"start":{"line":100,"column":4},"end":{"line":100,"column":60}},"20":{"start":{"line":100,"column":15},"end":{"line":100,"column":60}},"21":{"start":{"line":102,"column":4},"end":{"line":102,"column":16}},"22":{"start":{"line":118,"column":32},"end":{"line":118,"column":60}},"23":{"start":{"line":120,"column":25},"end":{"line":120,"column":50}},"24":{"start":{"line":122,"column":21},"end":{"line":129,"column":47}},"25":{"start":{"line":130,"column":19},"end":{"line":130,"column":60}},"26":{"start":{"line":132,"column":16},"end":{"line":132,"column":30}},"27":{"start":{"line":134,"column":4},"end":{"line":134,"column":55}},"28":{"start":{"line":134,"column":14},"end":{"line":134,"column":55}},"29":{"start":{"line":136,"column":4},"end":{"line":136,"column":15}},"30":{"start":{"line":146,"column":19},"end":{"line":151,"column":17}},"31":{"start":{"line":152,"column":16},"end":{"line":152,"column":30}},"32":{"start":{"line":154,"column":4},"end":{"line":154,"column":62}},"33":{"start":{"line":154,"column":14},"end":{"line":154,"column":62}},"34":{"start":{"line":168,"column":23},"end":{"line":168,"column":47}},"35":{"start":{"line":169,"column":4},"end":{"line":181,"column":5}},"36":{"start":{"line":170,"column":18},"end":{"line":170,"column":51}},"37":{"start":{"line":171,"column":6},"end":{"line":174,"column":7}},"38":{"start":{"line":172,"column":21},"end":{"line":172,"column":42}},"39":{"start":{"line":173,"column":8},"end":{"line":173,"column":27}},"40":{"start":{"line":175,"column":11},"end":{"line":181,"column":5}},"41":{"start":{"line":176,"column":20},"end":{"line":176,"column":56}},"42":{"start":{"line":177,"column":8},"end":{"line":180,"column":9}},"43":{"start":{"line":178,"column":23},"end":{"line":178,"column":44}},"44":{"start":{"line":179,"column":10},"end":{"line":179,"column":29}},"45":{"start":{"line":182,"column":4},"end":{"line":182,"column":69}},"46":{"start":{"line":188,"column":0},"end":{"line":188,"column":21}}},"fnMap":{"0":{"name":"(anonymous_0)","decl":{"start":{"line":22,"column":2},"end":{"line":22,"column":3}},"loc":{"start":{"line":22,"column":65},"end":{"line":40,"column":3}},"line":22},"1":{"name":"(anonymous_1)","decl":{"start":{"line":47,"column":2},"end":{"line":47,"column":3}},"loc":{"start":{"line":47,"column":25},"end":{"line":55,"column":3}},"line":47},"2":{"name":"(anonymous_2)","decl":{"start":{"line":65,"column":2},"end":{"line":65,"column":3}},"loc":{"start":{"line":65,"column":27},"end":{"line":80,"column":3}},"line":65},"3":{"name":"(anonymous_3)","decl":{"start":{"line":88,"column":2},"end":{"line":88,"column":3}},"loc":{"start":{"line":88,"column":27},"end":{"line":103,"column":3}},"line":88},"4":{"name":"(anonymous_4)","decl":{"start":{"line":117,"column":2},"end":{"line":117,"column":3}},"loc":{"start":{"line":117,"column":32},"end":{"line":138,"column":3}},"line":117},"5":{"name":"(anonymous_5)","decl":{"start":{"line":145,"column":2},"end":{"line":145,"column":3}},"loc":{"start":{"line":145,"column":30},"end":{"line":155,"column":3}},"line":145},"6":{"name":"(anonymous_6)","decl":{"start":{"line":164,"column":2},"end":{"line":164,"column":3}},"loc":{"start":{"line":164,"column":42},"end":{"line":184,"column":3}},"line":164}},"branchMap":{"0":{"loc":{"start":{"line":37,"column":4},"end":{"line":37,"column":61}},"type":"if","locations":[{"start":{"line":37,"column":4},"end":{"line":37,"column":61}},{"start":{},"end":{}}],"line":37},"1":{"loc":{"start":{"line":77,"column":4},"end":{"line":77,"column":64}},"type":"if","locations":[{"start":{"line":77,"column":4},"end":{"line":77,"column":64}},{"start":{},"end":{}}],"line":77},"2":{"loc":{"start":{"line":100,"column":4},"end":{"line":100,"column":60}},"type":"if","locations":[{"start":{"line":100,"column":4},"end":{"line":100,"column":60}},{"start":{},"end":{}}],"line":100},"3":{"loc":{"start":{"line":134,"column":4},"end":{"line":134,"column":55}},"type":"if","locations":[{"start":{"line":134,"column":4},"end":{"line":134,"column":55}},{"start":{},"end":{}}],"line":134},"4":{"loc":{"start":{"line":154,"column":4},"end":{"line":154,"column":62}},"type":"if","locations":[{"start":{"line":154,"column":4},"end":{"line":154,"column":62}},{"start":{},"end":{}}],"line":154},"5":{"loc":{"start":{"line":169,"column":4},"end":{"line":181,"column":5}},"type":"if","locations":[{"start":{"line":169,"column":4},"end":{"line":181,"column":5}},{"start":{"line":175,"column":11},"end":{"line":181,"column":5}}],"line":169},"6":{"loc":{"start":{"line":169,"column":7},"end":{"line":169,"column":65}},"type":"binary-expr","locations":[{"start":{"line":169,"column":7},"end":{"line":169,"column":43}},{"start":{"line":169,"column":47},"end":{"line":169,"column":65}}],"line":169},"7":{"loc":{"start":{"line":171,"column":6},"end":{"line":174,"column":7}},"type":"if","locations":[{"start":{"line":171,"column":6},"end":{"line":174,"column":7}},{"start":{},"end":{}}],"line":171},"8":{"loc":{"start":{"line":175,"column":11},"end":{"line":181,"column":5}},"type":"if","locations":[{"start":{"line":175,"column":11},"end":{"line":181,"column":5}},{"start":{},"end":{}}],"line":175},"9":{"loc":{"start":{"line":175,"column":14},"end":{"line":175,"column":68}},"type":"binary-expr","locations":[{"start":{"line":175,"column":14},"end":{"line":175,"column":50}},{"start":{"line":175,"column":54},"end":{"line":175,"column":68}}],"line":175},"10":{"loc":{"start":{"line":177,"column":8},"end":{"line":180,"column":9}},"type":"if","locations":[{"start":{"line":177,"column":8},"end":{"line":180,"column":9}},{"start":{},"end":{}}],"line":177}},"s":{"0":8,"1":8,"2":8,"3":8,"4":8,"5":17,"6":17,"7":17,"8":0,"9":17,"10":2,"11":2,"12":17,"13":17,"14":17,"15":0,"16":17,"17":0,"18":0,"19":0,"20":0,"21":0,"22":5,"23":4,"24":4,"25":4,"26":4,"27":4,"28":2,"29":2,"30":3,"31":3,"32":3,"33":2,"34":5,"35":5,"36":0,"37":0,"38":0,"39":0,"40":5,"41":5,"42":5,"43":5,"44":4,"45":0,"46":8},"f":{"0":17,"1":2,"2":17,"3":0,"4":5,"5":3,"6":5},"b":{"0":[0,17],"1":[0,17],"2":[0,0],"3":[2,2],"4":[2,1],"5":[0,5],"6":[5,5],"7":[0,0],"8":[5,0],"9":[5,5],"10":[5,0]},"_coverageSchema":"1a1c01bbd47fc00a2c39e90264f33305004495a9","hash":"aedf1eefcda5a5f638be5554faa40ea06537ef64"}
,"/Users/macdev2/Desktop/jobly/models/user.js": {"path":"/Users/macdev2/Desktop/jobly/models/user.js","statementMap":{"0":{"start":{"line":3,"column":11},"end":{"line":3,"column":27}},"1":{"start":{"line":4,"column":15},"end":{"line":4,"column":32}},"2":{"start":{"line":5,"column":32},"end":{"line":5,"column":57}},"3":{"start":{"line":10,"column":4},"end":{"line":10,"column":30}},"4":{"start":{"line":12,"column":31},"end":{"line":12,"column":54}},"5":{"start":{"line":26,"column":19},"end":{"line":36,"column":5}},"6":{"start":{"line":38,"column":17},"end":{"line":38,"column":31}},"7":{"start":{"line":40,"column":4},"end":{"line":47,"column":5}},"8":{"start":{"line":42,"column":22},"end":{"line":42,"column":67}},"9":{"start":{"line":43,"column":6},"end":{"line":46,"column":7}},"10":{"start":{"line":44,"column":8},"end":{"line":44,"column":29}},"11":{"start":{"line":45,"column":8},"end":{"line":45,"column":20}},"12":{"start":{"line":49,"column":4},"end":{"line":49,"column":61}},"13":{"start":{"line":61,"column":27},"end":{"line":66,"column":5}},"14":{"start":{"line":68,"column":4},"end":{"line":70,"column":5}},"15":{"start":{"line":69,"column":6},"end":{"line":69,"column":67}},"16":{"start":{"line":72,"column":27},"end":{"line":72,"column":74}},"17":{"start":{"line":74,"column":19},"end":{"line":92,"column":5}},"18":{"start":{"line":94,"column":17},"end":{"line":94,"column":31}},"19":{"start":{"line":96,"column":4},"end":{"line":96,"column":16}},"20":{"start":{"line":105,"column":19},"end":{"line":113,"column":5}},"21":{"start":{"line":115,"column":4},"end":{"line":115,"column":23}},"22":{"start":{"line":127,"column":20},"end":{"line":136,"column":5}},"23":{"start":{"line":138,"column":17},"end":{"line":138,"column":32}},"24":{"start":{"line":140,"column":4},"end":{"line":140,"column":63}},"25":{"start":{"line":140,"column":15},"end":{"line":140,"column":63}},"26":{"start":{"line":142,"column":4},"end":{"line":142,"column":16}},"27":{"start":{"line":163,"column":4},"end":{"line":165,"column":5}},"28":{"start":{"line":164,"column":6},"end":{"line":164,"column":75}},"29":{"start":{"line":167,"column":32},"end":{"line":173,"column":10}},"30":{"start":{"line":174,"column":27},"end":{"line":174,"column":52}},"31":{"start":{"line":176,"column":21},"end":{"line":183,"column":54}},"32":{"start":{"line":184,"column":19},"end":{"line":184,"column":66}},"33":{"start":{"line":185,"column":17},"end":{"line":185,"column":31}},"34":{"start":{"line":187,"column":4},"end":{"line":187,"column":63}},"35":{"start":{"line":187,"column":15},"end":{"line":187,"column":63}},"36":{"start":{"line":189,"column":4},"end":{"line":189,"column":25}},"37":{"start":{"line":190,"column":4},"end":{"line":190,"column":16}},"38":{"start":{"line":196,"column":17},"end":{"line":202,"column":5}},"39":{"start":{"line":203,"column":17},"end":{"line":203,"column":31}},"40":{"start":{"line":205,"column":4},"end":{"line":205,"column":63}},"41":{"start":{"line":205,"column":15},"end":{"line":205,"column":63}},"42":{"start":{"line":211,"column":17},"end":{"line":216,"column":7}},"43":{"start":{"line":217,"column":16},"end":{"line":217,"column":27}},"44":{"start":{"line":219,"column":4},"end":{"line":219,"column":74}},"45":{"start":{"line":219,"column":14},"end":{"line":219,"column":74}},"46":{"start":{"line":221,"column":4},"end":{"line":221,"column":14}},"47":{"start":{"line":225,"column":18},"end":{"line":229,"column":17}},"48":{"start":{"line":230,"column":6},"end":{"line":230,"column":25}},"49":{"start":{"line":235,"column":0},"end":{"line":235,"column":22}}},"fnMap":{"0":{"name":"(anonymous_0)","decl":{"start":{"line":24,"column":2},"end":{"line":24,"column":3}},"loc":{"start":{"line":24,"column":48},"end":{"line":50,"column":3}},"line":24},"1":{"name":"(anonymous_1)","decl":{"start":{"line":59,"column":2},"end":{"line":59,"column":3}},"loc":{"start":{"line":60,"column":67},"end":{"line":97,"column":3}},"line":60},"2":{"name":"(anonymous_2)","decl":{"start":{"line":104,"column":2},"end":{"line":104,"column":3}},"loc":{"start":{"line":104,"column":25},"end":{"line":116,"column":3}},"line":104},"3":{"name":"(anonymous_3)","decl":{"start":{"line":126,"column":2},"end":{"line":126,"column":3}},"loc":{"start":{"line":126,"column":29},"end":{"line":143,"column":3}},"line":126},"4":{"name":"(anonymous_4)","decl":{"start":{"line":162,"column":2},"end":{"line":162,"column":3}},"loc":{"start":{"line":162,"column":38},"end":{"line":191,"column":3}},"line":162},"5":{"name":"(anonymous_5)","decl":{"start":{"line":195,"column":2},"end":{"line":195,"column":3}},"loc":{"start":{"line":195,"column":32},"end":{"line":207,"column":3}},"line":195},"6":{"name":"(anonymous_6)","decl":{"start":{"line":210,"column":2},"end":{"line":210,"column":3}},"loc":{"start":{"line":210,"column":39},"end":{"line":222,"column":3}},"line":210},"7":{"name":"(anonymous_7)","decl":{"start":{"line":224,"column":2},"end":{"line":224,"column":3}},"loc":{"start":{"line":224,"column":43},"end":{"line":231,"column":3}},"line":224}},"branchMap":{"0":{"loc":{"start":{"line":40,"column":4},"end":{"line":47,"column":5}},"type":"if","locations":[{"start":{"line":40,"column":4},"end":{"line":47,"column":5}},{"start":{},"end":{}}],"line":40},"1":{"loc":{"start":{"line":43,"column":6},"end":{"line":46,"column":7}},"type":"if","locations":[{"start":{"line":43,"column":6},"end":{"line":46,"column":7}},{"start":{},"end":{}}],"line":43},"2":{"loc":{"start":{"line":68,"column":4},"end":{"line":70,"column":5}},"type":"if","locations":[{"start":{"line":68,"column":4},"end":{"line":70,"column":5}},{"start":{},"end":{}}],"line":68},"3":{"loc":{"start":{"line":140,"column":4},"end":{"line":140,"column":63}},"type":"if","locations":[{"start":{"line":140,"column":4},"end":{"line":140,"column":63}},{"start":{},"end":{}}],"line":140},"4":{"loc":{"start":{"line":163,"column":4},"end":{"line":165,"column":5}},"type":"if","locations":[{"start":{"line":163,"column":4},"end":{"line":165,"column":5}},{"start":{},"end":{}}],"line":163},"5":{"loc":{"start":{"line":187,"column":4},"end":{"line":187,"column":63}},"type":"if","locations":[{"start":{"line":187,"column":4},"end":{"line":187,"column":63}},{"start":{},"end":{}}],"line":187},"6":{"loc":{"start":{"line":205,"column":4},"end":{"line":205,"column":63}},"type":"if","locations":[{"start":{"line":205,"column":4},"end":{"line":205,"column":63}},{"start":{},"end":{}}],"line":205},"7":{"loc":{"start":{"line":219,"column":4},"end":{"line":219,"column":74}},"type":"if","locations":[{"start":{"line":219,"column":4},"end":{"line":219,"column":74}},{"start":{},"end":{}}],"line":219}},"s":{"0":7,"1":7,"2":7,"3":7,"4":7,"5":7,"6":7,"7":7,"8":4,"9":4,"10":3,"11":3,"12":4,"13":22,"14":22,"15":1,"16":21,"17":21,"18":21,"19":21,"20":3,"21":2,"22":5,"23":5,"24":5,"25":2,"26":3,"27":8,"28":2,"29":8,"30":7,"31":7,"32":7,"33":7,"34":7,"35":2,"36":5,"37":5,"38":5,"39":5,"40":5,"41":2,"42":3,"43":3,"44":3,"45":0,"46":3,"47":4,"48":4,"49":7},"f":{"0":7,"1":22,"2":3,"3":5,"4":8,"5":5,"6":3,"7":4},"b":{"0":[4,3],"1":[3,1],"2":[1,21],"3":[2,3],"4":[2,6],"5":[2,5],"6":[2,3],"7":[0,3]},"_coverageSchema":"1a1c01bbd47fc00a2c39e90264f33305004495a9","hash":"dc1efba61b664595a47f0137ac64d922e8dd8960"}
,"/Users/macdev2/Desktop/jobly/routes/_testCommon.js": {"path":"/Users/macdev2/Desktop/jobly/routes/_testCommon.js","statementMap":{"0":{"start":{"line":3,"column":11},"end":{"line":3,"column":30}},"1":{"start":{"line":4,"column":13},"end":{"line":4,"column":38}},"2":{"start":{"line":5,"column":16},"end":{"line":5,"column":44}},"3":{"start":{"line":6,"column":12},"end":{"line":6,"column":36}},"4":{"start":{"line":7,"column":24},"end":{"line":7,"column":52}},"5":{"start":{"line":11,"column":2},"end":{"line":11,"column":38}},"6":{"start":{"line":13,"column":2},"end":{"line":13,"column":42}},"7":{"start":{"line":15,"column":2},"end":{"line":22,"column":9}},"8":{"start":{"line":23,"column":2},"end":{"line":30,"column":9}},"9":{"start":{"line":31,"column":2},"end":{"line":38,"column":9}},"10":{"start":{"line":40,"column":6},"end":{"line":46,"column":11}},"11":{"start":{"line":47,"column":6},"end":{"line":53,"column":11}},"12":{"start":{"line":54,"column":6},"end":{"line":60,"column":11}},"13":{"start":{"line":62,"column":2},"end":{"line":69,"column":5}},"14":{"start":{"line":70,"column":2},"end":{"line":77,"column":5}},"15":{"start":{"line":78,"column":2},"end":{"line":85,"column":5}},"16":{"start":{"line":89,"column":2},"end":{"line":89,"column":26}},"17":{"start":{"line":93,"column":2},"end":{"line":93,"column":29}},"18":{"start":{"line":97,"column":2},"end":{"line":97,"column":17}},"19":{"start":{"line":101,"column":16},"end":{"line":101,"column":63}},"20":{"start":{"line":102,"column":16},"end":{"line":102,"column":62}},"21":{"start":{"line":106,"column":0},"end":{"line":113,"column":2}}},"fnMap":{"0":{"name":"commonBeforeAll","decl":{"start":{"line":9,"column":15},"end":{"line":9,"column":30}},"loc":{"start":{"line":9,"column":33},"end":{"line":86,"column":1}},"line":9},"1":{"name":"commonBeforeEach","decl":{"start":{"line":88,"column":15},"end":{"line":88,"column":31}},"loc":{"start":{"line":88,"column":34},"end":{"line":90,"column":1}},"line":88},"2":{"name":"commonAfterEach","decl":{"start":{"line":92,"column":15},"end":{"line":92,"column":30}},"loc":{"start":{"line":92,"column":33},"end":{"line":94,"column":1}},"line":92},"3":{"name":"commonAfterAll","decl":{"start":{"line":96,"column":15},"end":{"line":96,"column":29}},"loc":{"start":{"line":96,"column":32},"end":{"line":98,"column":1}},"line":96}},"branchMap":{},"s":{"0":5,"1":5,"2":5,"3":5,"4":5,"5":5,"6":5,"7":5,"8":5,"9":5,"10":5,"11":5,"12":5,"13":5,"14":5,"15":5,"16":74,"17":74,"18":5,"19":5,"20":5,"21":5},"f":{"0":5,"1":74,"2":74,"3":5},"b":{},"_coverageSchema":"1a1c01bbd47fc00a2c39e90264f33305004495a9","hash":"935540f945a35a2046326aa0d24953a2d3b4d4b8"}
,"/Users/macdev2/Desktop/jobly/routes/auth.js": {"path":"/Users/macdev2/Desktop/jobly/routes/auth.js","statementMap":{"0":{"start":{"line":5,"column":19},"end":{"line":5,"column":40}},"1":{"start":{"line":7,"column":13},"end":{"line":7,"column":38}},"2":{"start":{"line":8,"column":16},"end":{"line":8,"column":34}},"3":{"start":{"line":9,"column":15},"end":{"line":9,"column":35}},"4":{"start":{"line":10,"column":24},"end":{"line":10,"column":52}},"5":{"start":{"line":11,"column":23},"end":{"line":11,"column":58}},"6":{"start":{"line":12,"column":27},"end":{"line":12,"column":66}},"7":{"start":{"line":13,"column":28},"end":{"line":13,"column":54}},"8":{"start":{"line":22,"column":0},"end":{"line":37,"column":3}},"9":{"start":{"line":23,"column":2},"end":{"line":36,"column":3}},"10":{"start":{"line":24,"column":22},"end":{"line":24,"column":67}},"11":{"start":{"line":25,"column":4},"end":{"line":28,"column":5}},"12":{"start":{"line":26,"column":19},"end":{"line":26,"column":53}},"13":{"start":{"line":26,"column":45},"end":{"line":26,"column":52}},"14":{"start":{"line":27,"column":6},"end":{"line":27,"column":38}},"15":{"start":{"line":30,"column":35},"end":{"line":30,"column":43}},"16":{"start":{"line":31,"column":17},"end":{"line":31,"column":60}},"17":{"start":{"line":32,"column":18},"end":{"line":32,"column":35}},"18":{"start":{"line":33,"column":4},"end":{"line":33,"column":31}},"19":{"start":{"line":35,"column":4},"end":{"line":35,"column":21}},"20":{"start":{"line":49,"column":0},"end":{"line":63,"column":3}},"21":{"start":{"line":50,"column":2},"end":{"line":62,"column":3}},"22":{"start":{"line":51,"column":22},"end":{"line":51,"column":71}},"23":{"start":{"line":52,"column":4},"end":{"line":55,"column":5}},"24":{"start":{"line":53,"column":19},"end":{"line":53,"column":53}},"25":{"start":{"line":53,"column":45},"end":{"line":53,"column":52}},"26":{"start":{"line":54,"column":6},"end":{"line":54,"column":38}},"27":{"start":{"line":57,"column":20},"end":{"line":57,"column":72}},"28":{"start":{"line":58,"column":18},"end":{"line":58,"column":38}},"29":{"start":{"line":59,"column":4},"end":{"line":59,"column":43}},"30":{"start":{"line":61,"column":4},"end":{"line":61,"column":21}},"31":{"start":{"line":66,"column":0},"end":{"line":66,"column":24}}},"fnMap":{"0":{"name":"(anonymous_0)","decl":{"start":{"line":22,"column":22},"end":{"line":22,"column":23}},"loc":{"start":{"line":22,"column":54},"end":{"line":37,"column":1}},"line":22},"1":{"name":"(anonymous_1)","decl":{"start":{"line":26,"column":40},"end":{"line":26,"column":41}},"loc":{"start":{"line":26,"column":45},"end":{"line":26,"column":52}},"line":26},"2":{"name":"(anonymous_2)","decl":{"start":{"line":49,"column":25},"end":{"line":49,"column":26}},"loc":{"start":{"line":49,"column":57},"end":{"line":63,"column":1}},"line":49},"3":{"name":"(anonymous_3)","decl":{"start":{"line":53,"column":40},"end":{"line":53,"column":41}},"loc":{"start":{"line":53,"column":45},"end":{"line":53,"column":52}},"line":53}},"branchMap":{"0":{"loc":{"start":{"line":25,"column":4},"end":{"line":28,"column":5}},"type":"if","locations":[{"start":{"line":25,"column":4},"end":{"line":28,"column":5}},{"start":{},"end":{}}],"line":25},"1":{"loc":{"start":{"line":52,"column":4},"end":{"line":55,"column":5}},"type":"if","locations":[{"start":{"line":52,"column":4},"end":{"line":55,"column":5}},{"start":{},"end":{}}],"line":52}},"s":{"0":5,"1":5,"2":5,"3":5,"4":5,"5":5,"6":5,"7":5,"8":5,"9":5,"10":5,"11":5,"12":2,"13":2,"14":2,"15":3,"16":3,"17":1,"18":1,"19":4,"20":5,"21":3,"22":3,"23":3,"24":2,"25":5,"26":2,"27":1,"28":1,"29":1,"30":2,"31":5},"f":{"0":5,"1":2,"2":3,"3":5},"b":{"0":[2,3],"1":[2,1]},"_coverageSchema":"1a1c01bbd47fc00a2c39e90264f33305004495a9","hash":"8fc394249dc66ae654e0510658b34f63eeff8676"}
,"/Users/macdev2/Desktop/jobly/routes/companies.js": {"path":"/Users/macdev2/Desktop/jobly/routes/companies.js","statementMap":{"0":{"start":{"line":5,"column":19},"end":{"line":5,"column":40}},"1":{"start":{"line":6,"column":16},"end":{"line":6,"column":34}},"2":{"start":{"line":8,"column":28},"end":{"line":8,"column":54}},"3":{"start":{"line":9,"column":36},"end":{"line":9,"column":65}},"4":{"start":{"line":10,"column":16},"end":{"line":10,"column":44}},"5":{"start":{"line":11,"column":12},"end":{"line":11,"column":36}},"6":{"start":{"line":13,"column":25},"end":{"line":13,"column":62}},"7":{"start":{"line":14,"column":28},"end":{"line":14,"column":68}},"8":{"start":{"line":16,"column":15},"end":{"line":16,"column":35}},"9":{"start":{"line":28,"column":0},"end":{"line":40,"column":3}},"10":{"start":{"line":29,"column":2},"end":{"line":39,"column":3}},"11":{"start":{"line":30,"column":22},"end":{"line":30,"column":69}},"12":{"start":{"line":31,"column":4},"end":{"line":34,"column":5}},"13":{"start":{"line":32,"column":19},"end":{"line":32,"column":53}},"14":{"start":{"line":32,"column":45},"end":{"line":32,"column":52}},"15":{"start":{"line":33,"column":6},"end":{"line":33,"column":38}},"16":{"start":{"line":35,"column":20},"end":{"line":35,"column":50}},"17":{"start":{"line":36,"column":4},"end":{"line":36,"column":45}},"18":{"start":{"line":38,"column":4},"end":{"line":38,"column":21}},"19":{"start":{"line":53,"column":0},"end":{"line":67,"column":3}},"20":{"start":{"line":54,"column":2},"end":{"line":66,"column":3}},"21":{"start":{"line":56,"column":4},"end":{"line":63,"column":5}},"22":{"start":{"line":57,"column":24},"end":{"line":57,"column":74}},"23":{"start":{"line":58,"column":6},"end":{"line":58,"column":37}},"24":{"start":{"line":61,"column":24},"end":{"line":61,"column":47}},"25":{"start":{"line":62,"column":6},"end":{"line":62,"column":37}},"26":{"start":{"line":65,"column":4},"end":{"line":65,"column":21}},"27":{"start":{"line":77,"column":0},"end":{"line":86,"column":3}},"28":{"start":{"line":78,"column":2},"end":{"line":85,"column":3}},"29":{"start":{"line":79,"column":20},"end":{"line":79,"column":56}},"30":{"start":{"line":80,"column":17},"end":{"line":80,"column":49}},"31":{"start":{"line":82,"column":4},"end":{"line":82,"column":54}},"32":{"start":{"line":84,"column":4},"end":{"line":84,"column":21}},"33":{"start":{"line":99,"column":0},"end":{"line":112,"column":3}},"34":{"start":{"line":100,"column":2},"end":{"line":111,"column":3}},"35":{"start":{"line":101,"column":22},"end":{"line":101,"column":72}},"36":{"start":{"line":102,"column":4},"end":{"line":105,"column":5}},"37":{"start":{"line":103,"column":19},"end":{"line":103,"column":53}},"38":{"start":{"line":103,"column":45},"end":{"line":103,"column":52}},"39":{"start":{"line":104,"column":6},"end":{"line":104,"column":38}},"40":{"start":{"line":107,"column":20},"end":{"line":107,"column":69}},"41":{"start":{"line":108,"column":4},"end":{"line":108,"column":33}},"42":{"start":{"line":110,"column":4},"end":{"line":110,"column":21}},"43":{"start":{"line":119,"column":0},"end":{"line":126,"column":3}},"44":{"start":{"line":120,"column":2},"end":{"line":125,"column":3}},"45":{"start":{"line":121,"column":4},"end":{"line":121,"column":44}},"46":{"start":{"line":122,"column":4},"end":{"line":122,"column":52}},"47":{"start":{"line":124,"column":4},"end":{"line":124,"column":21}},"48":{"start":{"line":129,"column":0},"end":{"line":129,"column":24}}},"fnMap":{"0":{"name":"(anonymous_0)","decl":{"start":{"line":28,"column":44},"end":{"line":28,"column":45}},"loc":{"start":{"line":28,"column":76},"end":{"line":40,"column":1}},"line":28},"1":{"name":"(anonymous_1)","decl":{"start":{"line":32,"column":40},"end":{"line":32,"column":41}},"loc":{"start":{"line":32,"column":45},"end":{"line":32,"column":52}},"line":32},"2":{"name":"(anonymous_2)","decl":{"start":{"line":53,"column":16},"end":{"line":53,"column":17}},"loc":{"start":{"line":53,"column":48},"end":{"line":67,"column":1}},"line":53},"3":{"name":"(anonymous_3)","decl":{"start":{"line":77,"column":23},"end":{"line":77,"column":24}},"loc":{"start":{"line":77,"column":55},"end":{"line":86,"column":1}},"line":77},"4":{"name":"(anonymous_4)","decl":{"start":{"line":99,"column":52},"end":{"line":99,"column":53}},"loc":{"start":{"line":99,"column":84},"end":{"line":112,"column":1}},"line":99},"5":{"name":"(anonymous_5)","decl":{"start":{"line":103,"column":40},"end":{"line":103,"column":41}},"loc":{"start":{"line":103,"column":45},"end":{"line":103,"column":52}},"line":103},"6":{"name":"(anonymous_6)","decl":{"start":{"line":119,"column":53},"end":{"line":119,"column":54}},"loc":{"start":{"line":119,"column":85},"end":{"line":126,"column":1}},"line":119}},"branchMap":{"0":{"loc":{"start":{"line":31,"column":4},"end":{"line":34,"column":5}},"type":"if","locations":[{"start":{"line":31,"column":4},"end":{"line":34,"column":5}},{"start":{},"end":{}}],"line":31},"1":{"loc":{"start":{"line":56,"column":4},"end":{"line":63,"column":5}},"type":"if","locations":[{"start":{"line":56,"column":4},"end":{"line":63,"column":5}},{"start":{"line":60,"column":11},"end":{"line":63,"column":5}}],"line":56},"2":{"loc":{"start":{"line":102,"column":4},"end":{"line":105,"column":5}},"type":"if","locations":[{"start":{"line":102,"column":4},"end":{"line":105,"column":5}},{"start":{},"end":{}}],"line":102}},"s":{"0":5,"1":5,"2":5,"3":5,"4":5,"5":5,"6":5,"7":5,"8":5,"9":5,"10":3,"11":3,"12":3,"13":2,"14":3,"15":2,"16":1,"17":1,"18":2,"19":5,"20":5,"21":5,"22":3,"23":2,"24":2,"25":1,"26":2,"27":5,"28":3,"29":3,"30":2,"31":2,"32":1,"33":5,"34":4,"35":4,"36":4,"37":2,"38":2,"39":2,"40":2,"41":1,"42":3,"43":5,"44":2,"45":2,"46":1,"47":1,"48":5},"f":{"0":3,"1":3,"2":5,"3":3,"4":4,"5":2,"6":2},"b":{"0":[2,1],"1":[3,2],"2":[2,2]},"_coverageSchema":"1a1c01bbd47fc00a2c39e90264f33305004495a9","hash":"fe2b6e39908b0915ddcdf3bf8d3e251c57c3f281"}
,"/Users/macdev2/Desktop/jobly/routes/jobs.js": {"path":"/Users/macdev2/Desktop/jobly/routes/jobs.js","statementMap":{"0":{"start":{"line":5,"column":19},"end":{"line":5,"column":40}},"1":{"start":{"line":6,"column":16},"end":{"line":6,"column":34}},"2":{"start":{"line":8,"column":28},"end":{"line":8,"column":54}},"3":{"start":{"line":9,"column":36},"end":{"line":9,"column":65}},"4":{"start":{"line":10,"column":12},"end":{"line":10,"column":36}},"5":{"start":{"line":12,"column":21},"end":{"line":12,"column":54}},"6":{"start":{"line":13,"column":24},"end":{"line":13,"column":60}},"7":{"start":{"line":15,"column":15},"end":{"line":15,"column":35}},"8":{"start":{"line":27,"column":0},"end":{"line":40,"column":3}},"9":{"start":{"line":28,"column":2},"end":{"line":39,"column":3}},"10":{"start":{"line":29,"column":22},"end":{"line":29,"column":65}},"11":{"start":{"line":30,"column":4},"end":{"line":33,"column":5}},"12":{"start":{"line":31,"column":19},"end":{"line":31,"column":53}},"13":{"start":{"line":31,"column":45},"end":{"line":31,"column":52}},"14":{"start":{"line":32,"column":6},"end":{"line":32,"column":38}},"15":{"start":{"line":34,"column":16},"end":{"line":34,"column":42}},"16":{"start":{"line":35,"column":4},"end":{"line":35,"column":41}},"17":{"start":{"line":37,"column":4},"end":{"line":37,"column":20}},"18":{"start":{"line":38,"column":4},"end":{"line":38,"column":21}},"19":{"start":{"line":53,"column":0},"end":{"line":67,"column":3}},"20":{"start":{"line":54,"column":2},"end":{"line":66,"column":3}},"21":{"start":{"line":56,"column":4},"end":{"line":63,"column":5}},"22":{"start":{"line":57,"column":19},"end":{"line":57,"column":61}},"23":{"start":{"line":58,"column":6},"end":{"line":58,"column":32}},"24":{"start":{"line":61,"column":19},"end":{"line":61,"column":38}},"25":{"start":{"line":62,"column":6},"end":{"line":62,"column":32}},"26":{"start":{"line":65,"column":4},"end":{"line":65,"column":21}},"27":{"start":{"line":77,"column":0},"end":{"line":84,"column":3}},"28":{"start":{"line":78,"column":2},"end":{"line":83,"column":3}},"29":{"start":{"line":79,"column":17},"end":{"line":79,"column":49}},"30":{"start":{"line":80,"column":4},"end":{"line":80,"column":30}},"31":{"start":{"line":82,"column":4},"end":{"line":82,"column":21}},"32":{"start":{"line":97,"column":0},"end":{"line":110,"column":3}},"33":{"start":{"line":98,"column":2},"end":{"line":109,"column":3}},"34":{"start":{"line":99,"column":22},"end":{"line":99,"column":68}},"35":{"start":{"line":100,"column":4},"end":{"line":103,"column":5}},"36":{"start":{"line":101,"column":19},"end":{"line":101,"column":53}},"37":{"start":{"line":101,"column":45},"end":{"line":101,"column":52}},"38":{"start":{"line":102,"column":6},"end":{"line":102,"column":38}},"39":{"start":{"line":105,"column":16},"end":{"line":105,"column":61}},"40":{"start":{"line":106,"column":4},"end":{"line":106,"column":29}},"41":{"start":{"line":108,"column":4},"end":{"line":108,"column":21}},"42":{"start":{"line":117,"column":0},"end":{"line":124,"column":3}},"43":{"start":{"line":118,"column":2},"end":{"line":123,"column":3}},"44":{"start":{"line":119,"column":4},"end":{"line":119,"column":40}},"45":{"start":{"line":120,"column":4},"end":{"line":120,"column":52}},"46":{"start":{"line":122,"column":4},"end":{"line":122,"column":21}},"47":{"start":{"line":127,"column":0},"end":{"line":127,"column":24}}},"fnMap":{"0":{"name":"(anonymous_0)","decl":{"start":{"line":27,"column":44},"end":{"line":27,"column":45}},"loc":{"start":{"line":27,"column":76},"end":{"line":40,"column":1}},"line":27},"1":{"name":"(anonymous_1)","decl":{"start":{"line":31,"column":40},"end":{"line":31,"column":41}},"loc":{"start":{"line":31,"column":45},"end":{"line":31,"column":52}},"line":31},"2":{"name":"(anonymous_2)","decl":{"start":{"line":53,"column":16},"end":{"line":53,"column":17}},"loc":{"start":{"line":53,"column":48},"end":{"line":67,"column":1}},"line":53},"3":{"name":"(anonymous_3)","decl":{"start":{"line":77,"column":23},"end":{"line":77,"column":24}},"loc":{"start":{"line":77,"column":55},"end":{"line":84,"column":1}},"line":77},"4":{"name":"(anonymous_4)","decl":{"start":{"line":97,"column":52},"end":{"line":97,"column":53}},"loc":{"start":{"line":97,"column":84},"end":{"line":110,"column":1}},"line":97},"5":{"name":"(anonymous_5)","decl":{"start":{"line":101,"column":40},"end":{"line":101,"column":41}},"loc":{"start":{"line":101,"column":45},"end":{"line":101,"column":52}},"line":101},"6":{"name":"(anonymous_6)","decl":{"start":{"line":117,"column":53},"end":{"line":117,"column":54}},"loc":{"start":{"line":117,"column":85},"end":{"line":124,"column":1}},"line":117}},"branchMap":{"0":{"loc":{"start":{"line":30,"column":4},"end":{"line":33,"column":5}},"type":"if","locations":[{"start":{"line":30,"column":4},"end":{"line":33,"column":5}},{"start":{},"end":{}}],"line":30},"1":{"loc":{"start":{"line":56,"column":4},"end":{"line":63,"column":5}},"type":"if","locations":[{"start":{"line":56,"column":4},"end":{"line":63,"column":5}},{"start":{"line":60,"column":11},"end":{"line":63,"column":5}}],"line":56},"2":{"loc":{"start":{"line":100,"column":4},"end":{"line":103,"column":5}},"type":"if","locations":[{"start":{"line":100,"column":4},"end":{"line":103,"column":5}},{"start":{},"end":{}}],"line":100}},"s":{"0":5,"1":5,"2":5,"3":5,"4":5,"5":5,"6":5,"7":5,"8":5,"9":3,"10":3,"11":3,"12":2,"13":2,"14":2,"15":1,"16":1,"17":2,"18":2,"19":5,"20":4,"21":4,"22":3,"23":2,"24":1,"25":1,"26":1,"27":5,"28":7,"29":7,"30":7,"31":0,"32":5,"33":3,"34":3,"35":3,"36":1,"37":1,"38":1,"39":2,"40":1,"41":2,"42":5,"43":2,"44":2,"45":1,"46":1,"47":5},"f":{"0":3,"1":2,"2":4,"3":7,"4":3,"5":1,"6":2},"b":{"0":[2,1],"1":[3,1],"2":[1,2]},"_coverageSchema":"1a1c01bbd47fc00a2c39e90264f33305004495a9","hash":"bfad812c86b2e35d39b85966a99a7b526968e815"}
,"/Users/macdev2/Desktop/jobly/routes/users.js": {"path":"/Users/macdev2/Desktop/jobly/routes/users.js","statementMap":{"0":{"start":{"line":5,"column":19},"end":{"line":5,"column":40}},"1":{"start":{"line":7,"column":16},"end":{"line":7,"column":34}},"2":{"start":{"line":8,"column":48},"end":{"line":8,"column":77}},"3":{"start":{"line":9,"column":28},"end":{"line":9,"column":54}},"4":{"start":{"line":10,"column":13},"end":{"line":10,"column":38}},"5":{"start":{"line":11,"column":12},"end":{"line":11,"column":36}},"6":{"start":{"line":12,"column":24},"end":{"line":12,"column":52}},"7":{"start":{"line":13,"column":22},"end":{"line":13,"column":56}},"8":{"start":{"line":14,"column":25},"end":{"line":14,"column":62}},"9":{"start":{"line":16,"column":15},"end":{"line":16,"column":31}},"10":{"start":{"line":31,"column":0},"end":{"line":45,"column":3}},"11":{"start":{"line":32,"column":2},"end":{"line":44,"column":3}},"12":{"start":{"line":33,"column":22},"end":{"line":33,"column":66}},"13":{"start":{"line":34,"column":4},"end":{"line":37,"column":5}},"14":{"start":{"line":35,"column":19},"end":{"line":35,"column":53}},"15":{"start":{"line":35,"column":45},"end":{"line":35,"column":52}},"16":{"start":{"line":36,"column":6},"end":{"line":36,"column":38}},"17":{"start":{"line":39,"column":17},"end":{"line":39,"column":46}},"18":{"start":{"line":40,"column":18},"end":{"line":40,"column":35}},"19":{"start":{"line":41,"column":4},"end":{"line":41,"column":49}},"20":{"start":{"line":43,"column":4},"end":{"line":43,"column":21}},"21":{"start":{"line":53,"column":0},"end":{"line":69,"column":3}},"22":{"start":{"line":54,"column":2},"end":{"line":68,"column":3}},"23":{"start":{"line":55,"column":27},"end":{"line":55,"column":37}},"24":{"start":{"line":57,"column":15},"end":{"line":57,"column":39}},"25":{"start":{"line":58,"column":16},"end":{"line":58,"column":37}},"26":{"start":{"line":60,"column":4},"end":{"line":62,"column":5}},"27":{"start":{"line":61,"column":6},"end":{"line":61,"column":23}},"28":{"start":{"line":63,"column":15},"end":{"line":63,"column":59}},"29":{"start":{"line":64,"column":4},"end":{"line":64,"column":49}},"30":{"start":{"line":67,"column":4},"end":{"line":67,"column":21}},"31":{"start":{"line":79,"column":0},"end":{"line":86,"column":3}},"32":{"start":{"line":80,"column":2},"end":{"line":85,"column":3}},"33":{"start":{"line":81,"column":18},"end":{"line":81,"column":38}},"34":{"start":{"line":82,"column":4},"end":{"line":82,"column":31}},"35":{"start":{"line":84,"column":4},"end":{"line":84,"column":21}},"36":{"start":{"line":96,"column":0},"end":{"line":104,"column":3}},"37":{"start":{"line":97,"column":2},"end":{"line":103,"column":3}},"38":{"start":{"line":98,"column":17},"end":{"line":98,"column":52}},"39":{"start":{"line":99,"column":17},"end":{"line":99,"column":66}},"40":{"start":{"line":100,"column":4},"end":{"line":100,"column":36}},"41":{"start":{"line":102,"column":4},"end":{"line":102,"column":21}},"42":{"start":{"line":117,"column":0},"end":{"line":130,"column":3}},"43":{"start":{"line":118,"column":2},"end":{"line":129,"column":3}},"44":{"start":{"line":119,"column":22},"end":{"line":119,"column":69}},"45":{"start":{"line":120,"column":4},"end":{"line":123,"column":5}},"46":{"start":{"line":121,"column":19},"end":{"line":121,"column":53}},"47":{"start":{"line":121,"column":45},"end":{"line":121,"column":52}},"48":{"start":{"line":122,"column":6},"end":{"line":122,"column":38}},"49":{"start":{"line":125,"column":17},"end":{"line":125,"column":65}},"50":{"start":{"line":126,"column":4},"end":{"line":126,"column":30}},"51":{"start":{"line":128,"column":4},"end":{"line":128,"column":21}},"52":{"start":{"line":138,"column":0},"end":{"line":145,"column":3}},"53":{"start":{"line":139,"column":2},"end":{"line":144,"column":3}},"54":{"start":{"line":140,"column":4},"end":{"line":140,"column":43}},"55":{"start":{"line":141,"column":4},"end":{"line":141,"column":54}},"56":{"start":{"line":143,"column":4},"end":{"line":143,"column":21}},"57":{"start":{"line":148,"column":0},"end":{"line":148,"column":24}}},"fnMap":{"0":{"name":"(anonymous_0)","decl":{"start":{"line":31,"column":44},"end":{"line":31,"column":45}},"loc":{"start":{"line":31,"column":76},"end":{"line":45,"column":1}},"line":31},"1":{"name":"(anonymous_1)","decl":{"start":{"line":35,"column":40},"end":{"line":35,"column":41}},"loc":{"start":{"line":35,"column":45},"end":{"line":35,"column":52}},"line":35},"2":{"name":"(anonymous_2)","decl":{"start":{"line":53,"column":47},"end":{"line":53,"column":48}},"loc":{"start":{"line":53,"column":79},"end":{"line":69,"column":1}},"line":53},"3":{"name":"(anonymous_3)","decl":{"start":{"line":79,"column":43},"end":{"line":79,"column":44}},"loc":{"start":{"line":79,"column":75},"end":{"line":86,"column":1}},"line":79},"4":{"name":"(anonymous_4)","decl":{"start":{"line":96,"column":55},"end":{"line":96,"column":56}},"loc":{"start":{"line":96,"column":87},"end":{"line":104,"column":1}},"line":96},"5":{"name":"(anonymous_5)","decl":{"start":{"line":117,"column":57},"end":{"line":117,"column":58}},"loc":{"start":{"line":117,"column":89},"end":{"line":130,"column":1}},"line":117},"6":{"name":"(anonymous_6)","decl":{"start":{"line":121,"column":40},"end":{"line":121,"column":41}},"loc":{"start":{"line":121,"column":45},"end":{"line":121,"column":52}},"line":121},"7":{"name":"(anonymous_7)","decl":{"start":{"line":138,"column":58},"end":{"line":138,"column":59}},"loc":{"start":{"line":138,"column":90},"end":{"line":145,"column":1}},"line":138}},"branchMap":{"0":{"loc":{"start":{"line":34,"column":4},"end":{"line":37,"column":5}},"type":"if","locations":[{"start":{"line":34,"column":4},"end":{"line":37,"column":5}},{"start":{},"end":{}}],"line":34},"1":{"loc":{"start":{"line":60,"column":4},"end":{"line":62,"column":5}},"type":"if","locations":[{"start":{"line":60,"column":4},"end":{"line":62,"column":5}},{"start":{},"end":{}}],"line":60},"2":{"loc":{"start":{"line":60,"column":7},"end":{"line":60,"column":33}},"type":"binary-expr","locations":[{"start":{"line":60,"column":7},"end":{"line":60,"column":12}},{"start":{"line":60,"column":16},"end":{"line":60,"column":33}}],"line":60},"3":{"loc":{"start":{"line":120,"column":4},"end":{"line":123,"column":5}},"type":"if","locations":[{"start":{"line":120,"column":4},"end":{"line":123,"column":5}},{"start":{},"end":{}}],"line":120}},"s":{"0":5,"1":5,"2":5,"3":5,"4":5,"5":5,"6":5,"7":5,"8":5,"9":5,"10":5,"11":4,"12":4,"13":4,"14":2,"15":5,"16":2,"17":2,"18":2,"19":2,"20":2,"21":5,"22":0,"23":0,"24":0,"25":0,"26":0,"27":0,"28":0,"29":0,"30":0,"31":5,"32":2,"33":2,"34":1,"35":1,"36":5,"37":3,"38":3,"39":2,"40":2,"41":1,"42":5,"43":5,"44":5,"45":5,"46":1,"47":1,"48":1,"49":4,"50":3,"51":2,"52":5,"53":3,"54":3,"55":2,"56":1,"57":5},"f":{"0":4,"1":5,"2":0,"3":2,"4":3,"5":5,"6":1,"7":3},"b":{"0":[2,2],"1":[0,0],"2":[0,0],"3":[1,4]},"_coverageSchema":"1a1c01bbd47fc00a2c39e90264f33305004495a9","hash":"93933ef144703f3f74581dc0dbd47ce62a09932a"}
}
