TN:
SF:app.js
FN:32,(anonymous_0)
FN:37,(anonymous_1)
FNF:2
FNH:2
FNDA:2,(anonymous_0)
FNDA:46,(anonymous_1)
DA:5,5
DA:6,5
DA:8,5
DA:10,5
DA:11,5
DA:12,5
DA:13,5
DA:14,5
DA:16,5
DA:18,5
DA:20,5
DA:21,5
DA:22,5
DA:23,5
DA:25,5
DA:26,5
DA:27,5
DA:28,5
DA:32,5
DA:33,2
DA:37,5
DA:38,46
DA:39,46
DA:40,46
DA:42,46
DA:47,5
LF:26
LH:26
BRDA:38,0,0,1
BRDA:38,0,1,45
BRDA:39,1,0,46
BRDA:39,1,1,3
BRF:4
BRH:4
end_of_record
TN:
SF:config.js
FN:13,getDatabaseUri
FNF:1
FNH:1
FNDA:24,getDatabaseUri
DA:5,12
DA:6,12
DA:8,12
DA:10,12
DA:14,24
DA:22,12
DA:24,12
DA:25,12
DA:26,12
DA:27,12
DA:28,12
DA:29,12
DA:31,12
LF:13
LH:13
BRDA:8,0,0,12
BRDA:8,0,1,11
BRDA:10,1,0,12
BRDA:10,1,1,11
BRDA:14,2,0,21
BRDA:14,2,1,3
BRDA:16,3,0,3
BRDA:16,3,1,1
BRDA:22,4,0,11
BRDA:22,4,1,1
BRF:10
BRH:10
end_of_record
TN:
SF:db.js
FNF:0
FNH:0
DA:3,9
DA:4,9
DA:8,9
DA:9,0
DA:16,9
DA:21,9
DA:23,9
LF:7
LH:6
BRDA:8,0,0,0
BRDA:8,0,1,9
BRF:2
BRH:1
end_of_record
TN:
SF:expressError.js
FN:8,(anonymous_0)
FN:18,(anonymous_1)
FN:26,(anonymous_2)
FN:34,(anonymous_3)
FN:42,(anonymous_4)
FNF:5
FNH:4
FNDA:60,(anonymous_0)
FNDA:18,(anonymous_1)
FNDA:21,(anonymous_2)
FNDA:21,(anonymous_3)
FNDA:0,(anonymous_4)
DA:9,60
DA:10,60
DA:11,60
DA:19,18
DA:27,21
DA:35,21
DA:43,0
DA:47,10
LF:8
LH:7
BRDA:18,0,0,2
BRDA:26,1,0,17
BRDA:34,2,0,0
BRDA:42,3,0,0
BRF:4
BRH:2
end_of_record
TN:
SF:helpers/sql.js
FN:14,sqlForPartialUpdate
FN:20,(anonymous_1)
FN:30,generateSearchQuery
FN:71,generateJobSearchQuery
FN:104,filterSearchParams
FN:108,(anonymous_5)
FNF:6
FNH:6
FNDA:21,sqlForPartialUpdate
FNDA:32,(anonymous_1)
FNDA:4,generateSearchQuery
FNDA:5,generateJobSearchQuery
FNDA:9,filterSearchParams
FNDA:10,(anonymous_5)
DA:1,9
DA:2,9
DA:15,21
DA:17,21
DA:20,17
DA:21,32
DA:24,17
DA:39,4
DA:40,1
DA:41,1
DA:43,3
DA:44,3
DA:47,4
DA:49,1
DA:50,1
DA:52,0
DA:54,3
DA:55,2
DA:57,1
DA:58,0
DA:60,1
DA:62,3
DA:80,5
DA:81,2
DA:82,2
DA:84,3
DA:85,3
DA:87,5
DA:88,0
DA:89,5
DA:90,3
DA:91,2
DA:92,0
DA:94,2
DA:96,5
DA:106,9
DA:107,9
DA:108,9
DA:109,10
DA:110,10
DA:113,9
DA:116,9
LF:42
LH:38
BRDA:17,0,0,4
BRDA:17,0,1,17
BRDA:21,1,0,32
BRDA:21,1,1,17
BRDA:39,2,0,1
BRDA:39,2,1,3
BRDA:47,3,0,1
BRDA:47,3,1,3
BRDA:47,4,0,4
BRDA:47,4,1,3
BRDA:49,5,0,1
BRDA:49,5,1,0
BRDA:49,6,0,1
BRDA:49,6,1,0
BRDA:54,7,0,2
BRDA:54,7,1,1
BRDA:57,8,0,0
BRDA:57,8,1,1
BRDA:80,9,0,2
BRDA:80,9,1,3
BRDA:87,10,0,0
BRDA:87,10,1,5
BRDA:87,11,0,5
BRDA:87,11,1,0
BRDA:89,12,0,3
BRDA:89,12,1,2
BRDA:89,13,0,5
BRDA:89,13,1,5
BRDA:91,14,0,0
BRDA:91,14,1,2
BRDA:91,15,0,2
BRDA:91,15,1,0
BRDA:109,16,0,10
BRDA:109,16,1,0
BRF:34
BRH:26
end_of_record
TN:
SF:helpers/tokens.js
FN:6,createToken
FNF:1
FNH:1
FNDA:17,createToken
DA:1,7
DA:2,7
DA:7,17
DA:10,17
DA:15,17
DA:18,7
LF:6
LH:6
BRDA:12,0,0,17
BRDA:12,0,1,10
BRF:2
BRH:2
end_of_record
TN:
SF:middleware/auth.js
FN:18,authenticateJWT
FN:36,ensureLoggedIn
FN:50,isAdmin
FN:59,isAuthUser
FNF:4
FNH:4
FNDA:82,authenticateJWT
FNDA:52,ensureLoggedIn
FNDA:30,isAdmin
FNDA:11,isAuthUser
DA:5,6
DA:6,6
DA:7,6
DA:19,82
DA:20,82
DA:21,82
DA:22,44
DA:23,44
DA:25,81
DA:27,1
DA:37,52
DA:38,52
DA:39,42
DA:41,10
DA:51,30
DA:52,30
DA:53,23
DA:55,7
DA:60,11
DA:62,11
DA:64,11
DA:66,11
DA:67,11
DA:69,0
DA:74,6
LF:25
LH:24
BRDA:20,0,0,82
BRDA:20,0,1,81
BRDA:21,1,0,44
BRDA:21,1,1,38
BRDA:38,2,0,10
BRDA:38,2,1,42
BRDA:52,3,0,7
BRDA:52,3,1,23
BRDA:66,4,0,0
BRDA:66,4,1,11
BRDA:66,5,0,11
BRDA:66,5,1,8
BRF:12
BRH:11
end_of_record
TN:
SF:models/_testCommon.js
FN:6,commonBeforeAll
FN:39,commonBeforeEach
FN:43,commonAfterEach
FN:47,commonAfterAll
FNF:4
FNH:4
FNDA:3,commonBeforeAll
FNDA:39,commonBeforeEach
FNDA:39,commonAfterEach
FNDA:3,commonAfterAll
DA:1,3
DA:3,3
DA:4,3
DA:8,3
DA:10,3
DA:12,3
DA:18,3
DA:32,3
DA:40,39
DA:44,39
DA:48,3
DA:52,3
LF:12
LH:12
BRF:0
BRH:0
end_of_record
TN:
SF:models/company.js
FN:19,(anonymous_0)
FN:52,(anonymous_1)
FN:72,(anonymous_2)
FN:102,(anonymous_3)
FN:132,(anonymous_4)
FN:151,(anonymous_5)
FNF:6
FNH:6
FNDA:19,(anonymous_0)
FNDA:3,(anonymous_1)
FNDA:5,(anonymous_2)
FNDA:6,(anonymous_3)
FNDA:4,(anonymous_4)
FNDA:4,(anonymous_5)
DA:3,7
DA:4,7
DA:5,7
DA:20,19
DA:26,19
DA:27,1
DA:29,18
DA:42,18
DA:44,18
DA:53,3
DA:61,2
DA:73,5
DA:83,5
DA:85,5
DA:87,3
DA:103,6
DA:109,5
DA:111,5
DA:119,5
DA:120,5
DA:122,5
DA:124,3
DA:133,4
DA:139,4
DA:141,4
DA:154,4
DA:155,4
DA:156,4
DA:157,3
DA:158,3
DA:159,3
DA:162,0
DA:169,7
LF:33
LH:32
BRDA:26,0,0,1
BRDA:26,0,1,18
BRDA:85,1,0,2
BRDA:85,1,1,3
BRDA:122,2,0,2
BRDA:122,2,1,3
BRDA:141,3,0,2
BRDA:141,3,1,2
BRDA:155,4,0,4
BRDA:155,4,1,0
BRDA:157,5,0,3
BRDA:157,5,1,0
BRF:12
BRH:10
end_of_record
TN:
SF:models/job.js
FN:22,(anonymous_0)
FN:47,(anonymous_1)
FN:65,(anonymous_2)
FN:88,(anonymous_3)
FN:117,(anonymous_4)
FN:145,(anonymous_5)
FN:164,(anonymous_6)
FNF:7
FNH:6
FNDA:17,(anonymous_0)
FNDA:2,(anonymous_1)
FNDA:17,(anonymous_2)
FNDA:0,(anonymous_3)
FNDA:5,(anonymous_4)
FNDA:3,(anonymous_5)
FNDA:5,(anonymous_6)
DA:3,8
DA:4,8
DA:5,8
DA:8,8
DA:9,8
DA:23,17
DA:35,17
DA:37,17
DA:39,17
DA:48,2
DA:54,2
DA:66,17
DA:75,17
DA:77,17
DA:79,17
DA:89,0
DA:98,0
DA:100,0
DA:102,0
DA:118,5
DA:120,4
DA:122,4
DA:130,4
DA:132,4
DA:134,4
DA:136,2
DA:146,3
DA:152,3
DA:154,3
DA:168,5
DA:169,5
DA:170,0
DA:171,0
DA:172,0
DA:173,0
DA:175,5
DA:176,5
DA:177,5
DA:178,5
DA:179,4
DA:182,0
DA:188,8
LF:42
LH:33
BRDA:37,0,0,0
BRDA:37,0,1,17
BRDA:77,1,0,0
BRDA:77,1,1,17
BRDA:100,2,0,0
BRDA:100,2,1,0
BRDA:134,3,0,2
BRDA:134,3,1,2
BRDA:154,4,0,2
BRDA:154,4,1,1
BRDA:169,5,0,0
BRDA:169,5,1,5
BRDA:169,6,0,5
BRDA:169,6,1,5
BRDA:171,7,0,0
BRDA:171,7,1,0
BRDA:175,8,0,5
BRDA:175,8,1,0
BRDA:175,9,0,5
BRDA:175,9,1,5
BRDA:177,10,0,5
BRDA:177,10,1,0
BRF:22
BRH:13
end_of_record
TN:
SF:models/user.js
FN:24,(anonymous_0)
FN:59,(anonymous_1)
FN:104,(anonymous_2)
FN:126,(anonymous_3)
FN:162,(anonymous_4)
FN:195,(anonymous_5)
FN:210,(anonymous_6)
FN:224,(anonymous_7)
FNF:8
FNH:8
FNDA:7,(anonymous_0)
FNDA:22,(anonymous_1)
FNDA:3,(anonymous_2)
FNDA:5,(anonymous_3)
FNDA:8,(anonymous_4)
FNDA:5,(anonymous_5)
FNDA:3,(anonymous_6)
FNDA:4,(anonymous_7)
DA:3,7
DA:4,7
DA:5,7
DA:10,7
DA:12,7
DA:26,7
DA:38,7
DA:40,7
DA:42,4
DA:43,4
DA:44,3
DA:45,3
DA:49,4
DA:61,22
DA:68,22
DA:69,1
DA:72,21
DA:74,21
DA:94,21
DA:96,21
DA:105,3
DA:115,2
DA:127,5
DA:138,5
DA:140,5
DA:142,3
DA:163,8
DA:164,2
DA:167,8
DA:174,7
DA:176,7
DA:184,7
DA:185,7
DA:187,7
DA:189,5
DA:190,5
DA:196,5
DA:203,5
DA:205,5
DA:211,3
DA:217,3
DA:219,3
DA:221,3
DA:225,4
DA:230,4
DA:235,7
LF:46
LH:46
BRDA:40,0,0,4
BRDA:40,0,1,3
BRDA:43,1,0,3
BRDA:43,1,1,1
BRDA:68,2,0,1
BRDA:68,2,1,21
BRDA:140,3,0,2
BRDA:140,3,1,3
BRDA:163,4,0,2
BRDA:163,4,1,6
BRDA:187,5,0,2
BRDA:187,5,1,5
BRDA:205,6,0,2
BRDA:205,6,1,3
BRDA:219,7,0,0
BRDA:219,7,1,3
BRF:16
BRH:15
end_of_record
TN:
SF:routes/_testCommon.js
FN:9,commonBeforeAll
FN:88,commonBeforeEach
FN:92,commonAfterEach
FN:96,commonAfterAll
FNF:4
FNH:4
FNDA:5,commonBeforeAll
FNDA:74,commonBeforeEach
FNDA:74,commonAfterEach
FNDA:5,commonAfterAll
DA:3,5
DA:4,5
DA:5,5
DA:6,5
DA:7,5
DA:11,5
DA:13,5
DA:15,5
DA:23,5
DA:31,5
DA:40,5
DA:47,5
DA:54,5
DA:62,5
DA:70,5
DA:78,5
DA:89,74
DA:93,74
DA:97,5
DA:101,5
DA:102,5
DA:106,5
LF:22
LH:22
BRF:0
BRH:0
end_of_record
TN:
SF:routes/auth.js
FN:22,(anonymous_0)
FN:26,(anonymous_1)
FN:49,(anonymous_2)
FN:53,(anonymous_3)
FNF:4
FNH:4
FNDA:5,(anonymous_0)
FNDA:2,(anonymous_1)
FNDA:3,(anonymous_2)
FNDA:5,(anonymous_3)
DA:5,5
DA:7,5
DA:8,5
DA:9,5
DA:10,5
DA:11,5
DA:12,5
DA:13,5
DA:22,5
DA:23,5
DA:24,5
DA:25,5
DA:26,2
DA:27,2
DA:30,3
DA:31,3
DA:32,1
DA:33,1
DA:35,4
DA:49,5
DA:50,3
DA:51,3
DA:52,3
DA:53,5
DA:54,2
DA:57,1
DA:58,1
DA:59,1
DA:61,2
DA:66,5
LF:30
LH:30
BRDA:25,0,0,2
BRDA:25,0,1,3
BRDA:52,1,0,2
BRDA:52,1,1,1
BRF:4
BRH:4
end_of_record
TN:
SF:routes/companies.js
FN:28,(anonymous_0)
FN:32,(anonymous_1)
FN:53,(anonymous_2)
FN:77,(anonymous_3)
FN:99,(anonymous_4)
FN:103,(anonymous_5)
FN:119,(anonymous_6)
FNF:7
FNH:7
FNDA:3,(anonymous_0)
FNDA:3,(anonymous_1)
FNDA:5,(anonymous_2)
FNDA:3,(anonymous_3)
FNDA:4,(anonymous_4)
FNDA:2,(anonymous_5)
FNDA:2,(anonymous_6)
DA:5,5
DA:6,5
DA:8,5
DA:9,5
DA:10,5
DA:11,5
DA:13,5
DA:14,5
DA:16,5
DA:28,5
DA:29,3
DA:30,3
DA:31,3
DA:32,3
DA:33,2
DA:35,1
DA:36,1
DA:38,2
DA:53,5
DA:54,5
DA:56,5
DA:57,3
DA:58,2
DA:61,2
DA:62,1
DA:65,2
DA:77,5
DA:78,3
DA:79,3
DA:80,2
DA:82,2
DA:84,1
DA:99,5
DA:100,4
DA:101,4
DA:102,4
DA:103,2
DA:104,2
DA:107,2
DA:108,1
DA:110,3
DA:119,5
DA:120,2
DA:121,2
DA:122,1
DA:124,1
DA:129,5
LF:47
LH:47
BRDA:31,0,0,2
BRDA:31,0,1,1
BRDA:56,1,0,3
BRDA:56,1,1,2
BRDA:102,2,0,2
BRDA:102,2,1,2
BRF:6
BRH:6
end_of_record
TN:
SF:routes/jobs.js
FN:27,(anonymous_0)
FN:31,(anonymous_1)
FN:53,(anonymous_2)
FN:77,(anonymous_3)
FN:97,(anonymous_4)
FN:101,(anonymous_5)
FN:117,(anonymous_6)
FNF:7
FNH:7
FNDA:3,(anonymous_0)
FNDA:2,(anonymous_1)
FNDA:4,(anonymous_2)
FNDA:7,(anonymous_3)
FNDA:3,(anonymous_4)
FNDA:1,(anonymous_5)
FNDA:2,(anonymous_6)
DA:5,5
DA:6,5
DA:8,5
DA:9,5
DA:10,5
DA:12,5
DA:13,5
DA:15,5
DA:27,5
DA:28,3
DA:29,3
DA:30,3
DA:31,2
DA:32,2
DA:34,1
DA:35,1
DA:37,2
DA:38,2
DA:53,5
DA:54,4
DA:56,4
DA:57,3
DA:58,2
DA:61,1
DA:62,1
DA:65,1
DA:77,5
DA:78,7
DA:79,7
DA:80,7
DA:82,0
DA:97,5
DA:98,3
DA:99,3
DA:100,3
DA:101,1
DA:102,1
DA:105,2
DA:106,1
DA:108,2
DA:117,5
DA:118,2
DA:119,2
DA:120,1
DA:122,1
DA:127,5
LF:46
LH:45
BRDA:30,0,0,2
BRDA:30,0,1,1
BRDA:56,1,0,3
BRDA:56,1,1,1
BRDA:100,2,0,1
BRDA:100,2,1,2
BRF:6
BRH:6
end_of_record
TN:
SF:routes/users.js
FN:31,(anonymous_0)
FN:35,(anonymous_1)
FN:53,(anonymous_2)
FN:79,(anonymous_3)
FN:96,(anonymous_4)
FN:117,(anonymous_5)
FN:121,(anonymous_6)
FN:138,(anonymous_7)
FNF:8
FNH:7
FNDA:4,(anonymous_0)
FNDA:5,(anonymous_1)
FNDA:0,(anonymous_2)
FNDA:2,(anonymous_3)
FNDA:3,(anonymous_4)
FNDA:5,(anonymous_5)
FNDA:1,(anonymous_6)
FNDA:3,(anonymous_7)
DA:5,5
DA:7,5
DA:8,5
DA:9,5
DA:10,5
DA:11,5
DA:12,5
DA:13,5
DA:14,5
DA:16,5
DA:31,5
DA:32,4
DA:33,4
DA:34,4
DA:35,5
DA:36,2
DA:39,2
DA:40,2
DA:41,2
DA:43,2
DA:53,5
DA:54,0
DA:55,0
DA:57,0
DA:58,0
DA:60,0
DA:61,0
DA:63,0
DA:64,0
DA:67,0
DA:79,5
DA:80,2
DA:81,2
DA:82,1
DA:84,1
DA:96,5
DA:97,3
DA:98,3
DA:99,2
DA:100,2
DA:102,1
DA:117,5
DA:118,5
DA:119,5
DA:120,5
DA:121,1
DA:122,1
DA:125,4
DA:126,3
DA:128,2
DA:138,5
DA:139,3
DA:140,3
DA:141,2
DA:143,1
DA:148,5
LF:56
LH:47
BRDA:34,0,0,2
BRDA:34,0,1,2
BRDA:60,1,0,0
BRDA:60,1,1,0
BRDA:60,2,0,0
BRDA:60,2,1,0
BRDA:120,3,0,1
BRDA:120,3,1,4
BRF:8
BRH:4
end_of_record
