TN:
SF:app.js
FN:32,(anonymous_0)
FN:37,(anonymous_1)
FNF:2
FNH:2
FNDA:2,(anonymous_0)
FNDA:2,(anonymous_1)
DA:5,5
DA:6,5
DA:8,5
DA:10,5
DA:11,5
DA:12,5
DA:13,5
DA:14,5
DA:16,5
DA:18,5
DA:20,5
DA:21,5
DA:22,5
DA:23,5
DA:25,5
DA:26,5
DA:27,5
DA:28,5
DA:32,5
DA:33,2
DA:37,5
DA:38,2
DA:39,2
DA:40,2
DA:42,2
DA:47,5
LF:26
LH:26
BRDA:38,0,0,1
BRDA:38,0,1,1
BRDA:39,1,0,2
BRDA:39,1,1,0
BRF:4
BRH:3
end_of_record
TN:
SF:config.js
FN:13,getDatabaseUri
FNF:1
FNH:1
FNDA:24,getDatabaseUri
DA:5,12
DA:6,12
DA:8,12
DA:10,12
DA:14,24
DA:22,12
DA:24,12
DA:25,12
DA:26,12
DA:27,12
DA:28,12
DA:29,12
DA:31,12
LF:13
LH:13
BRDA:8,0,0,12
BRDA:8,0,1,11
BRDA:10,1,0,12
BRDA:10,1,1,11
BRDA:14,2,0,21
BRDA:14,2,1,3
BRDA:16,3,0,3
BRDA:16,3,1,1
BRDA:22,4,0,11
BRDA:22,4,1,1
BRF:10
BRH:10
end_of_record
TN:
SF:db.js
FNF:0
FNH:0
DA:3,9
DA:4,9
DA:8,9
DA:9,0
DA:16,9
DA:21,9
DA:23,9
LF:7
LH:6
BRDA:8,0,0,0
BRDA:8,0,1,9
BRF:2
BRH:1
end_of_record
TN:
SF:expressError.js
FN:8,(anonymous_0)
FN:18,(anonymous_1)
FN:26,(anonymous_2)
FN:34,(anonymous_3)
FN:42,(anonymous_4)
FNF:5
FNH:4
FNDA:21,(anonymous_0)
FNDA:10,(anonymous_1)
FNDA:3,(anonymous_2)
FNDA:8,(anonymous_3)
FNDA:0,(anonymous_4)
DA:9,21
DA:10,21
DA:11,21
DA:19,10
DA:27,3
DA:35,8
DA:43,0
DA:47,10
LF:8
LH:7
BRDA:18,0,0,2
BRDA:26,1,0,1
BRDA:34,2,0,0
BRDA:42,3,0,0
BRF:4
BRH:2
end_of_record
TN:
SF:helpers/sql.js
FN:14,sqlForPartialUpdate
FN:20,(anonymous_1)
FN:30,generateSearchQuery
FN:71,generateJobSearchQuery
FN:104,filterSearchParams
FN:108,(anonymous_5)
FNF:6
FNH:6
FNDA:13,sqlForPartialUpdate
FNDA:24,(anonymous_1)
FNDA:1,generateSearchQuery
FNDA:2,generateJobSearchQuery
FNDA:3,filterSearchParams
FNDA:3,(anonymous_5)
DA:1,9
DA:2,9
DA:15,13
DA:17,13
DA:20,9
DA:21,24
DA:24,9
DA:39,1
DA:40,0
DA:41,0
DA:43,1
DA:44,1
DA:47,1
DA:49,0
DA:50,0
DA:52,0
DA:54,1
DA:55,1
DA:57,0
DA:58,0
DA:60,0
DA:62,1
DA:80,2
DA:81,1
DA:82,1
DA:84,1
DA:85,1
DA:87,2
DA:88,0
DA:89,2
DA:90,1
DA:91,1
DA:92,0
DA:94,1
DA:96,2
DA:106,3
DA:107,3
DA:108,3
DA:109,3
DA:110,3
DA:113,3
DA:116,9
LF:42
LH:32
BRDA:17,0,0,4
BRDA:17,0,1,9
BRDA:21,1,0,24
BRDA:21,1,1,12
BRDA:39,2,0,0
BRDA:39,2,1,1
BRDA:47,3,0,0
BRDA:47,3,1,1
BRDA:47,4,0,1
BRDA:47,4,1,1
BRDA:49,5,0,0
BRDA:49,5,1,0
BRDA:49,6,0,0
BRDA:49,6,1,0
BRDA:54,7,0,1
BRDA:54,7,1,0
BRDA:57,8,0,0
BRDA:57,8,1,0
BRDA:80,9,0,1
BRDA:80,9,1,1
BRDA:87,10,0,0
BRDA:87,10,1,2
BRDA:87,11,0,2
BRDA:87,11,1,0
BRDA:89,12,0,1
BRDA:89,12,1,1
BRDA:89,13,0,2
BRDA:89,13,1,2
BRDA:91,14,0,0
BRDA:91,14,1,1
BRDA:91,15,0,1
BRDA:91,15,1,0
BRDA:109,16,0,3
BRDA:109,16,1,0
BRF:34
BRH:20
end_of_record
TN:
SF:helpers/tokens.js
FN:6,createToken
FNF:1
FNH:1
FNDA:13,createToken
DA:1,7
DA:2,7
DA:7,13
DA:10,13
DA:15,13
DA:18,7
LF:6
LH:6
BRDA:12,0,0,13
BRDA:12,0,1,7
BRF:2
BRH:2
end_of_record
TN:
SF:middleware/auth.js
FN:18,authenticateJWT
FN:36,ensureLoggedIn
FN:50,isAdmin
FN:59,isAuthUser
FNF:4
FNH:2
FNDA:5,authenticateJWT
FNDA:2,ensureLoggedIn
FNDA:0,isAdmin
FNDA:0,isAuthUser
DA:5,6
DA:6,6
DA:7,6
DA:19,5
DA:20,5
DA:21,5
DA:22,2
DA:23,2
DA:25,4
DA:27,1
DA:37,2
DA:38,2
DA:39,1
DA:41,1
DA:51,0
DA:52,0
DA:53,0
DA:55,0
DA:60,0
DA:62,0
DA:64,0
DA:66,0
DA:67,0
DA:69,0
DA:74,6
LF:25
LH:15
BRDA:20,0,0,5
BRDA:20,0,1,4
BRDA:21,1,0,2
BRDA:21,1,1,3
BRDA:38,2,0,1
BRDA:38,2,1,1
BRDA:52,3,0,0
BRDA:52,3,1,0
BRDA:66,4,0,0
BRDA:66,4,1,0
BRDA:66,5,0,0
BRDA:66,5,1,0
BRF:12
BRH:6
end_of_record
TN:
SF:models/_testCommon.js
FN:6,commonBeforeAll
FN:39,commonBeforeEach
FN:43,commonAfterEach
FN:47,commonAfterAll
FNF:4
FNH:4
FNDA:3,commonBeforeAll
FNDA:39,commonBeforeEach
FNDA:39,commonAfterEach
FNDA:3,commonAfterAll
DA:1,3
DA:3,3
DA:4,3
DA:8,3
DA:10,3
DA:12,3
DA:18,3
DA:32,3
DA:40,39
DA:44,39
DA:48,3
DA:52,3
LF:12
LH:12
BRF:0
BRH:0
end_of_record
TN:
SF:models/company.js
FN:19,(anonymous_0)
FN:52,(anonymous_1)
FN:72,(anonymous_2)
FN:102,(anonymous_3)
FN:132,(anonymous_4)
FN:151,(anonymous_5)
FNF:6
FNH:6
FNDA:16,(anonymous_0)
FNDA:1,(anonymous_1)
FNDA:2,(anonymous_2)
FNDA:4,(anonymous_3)
FNDA:2,(anonymous_4)
FNDA:1,(anonymous_5)
DA:3,7
DA:4,7
DA:5,7
DA:20,16
DA:26,16
DA:27,3
DA:29,13
DA:42,12
DA:44,12
DA:53,1
DA:61,1
DA:73,2
DA:83,2
DA:85,2
DA:87,1
DA:103,4
DA:109,3
DA:111,3
DA:119,3
DA:120,3
DA:122,3
DA:124,2
DA:133,2
DA:139,2
DA:141,2
DA:154,1
DA:155,1
DA:156,1
DA:157,1
DA:158,1
DA:159,1
DA:162,0
DA:169,7
LF:33
LH:32
BRDA:26,0,0,3
BRDA:26,0,1,13
BRDA:85,1,0,1
BRDA:85,1,1,1
BRDA:122,2,0,1
BRDA:122,2,1,2
BRDA:141,3,0,1
BRDA:141,3,1,1
BRDA:155,4,0,1
BRDA:155,4,1,0
BRDA:157,5,0,1
BRDA:157,5,1,0
BRF:12
BRH:10
end_of_record
TN:
SF:models/job.js
FN:22,(anonymous_0)
FN:47,(anonymous_1)
FN:65,(anonymous_2)
FN:88,(anonymous_3)
FN:117,(anonymous_4)
FN:145,(anonymous_5)
FN:164,(anonymous_6)
FNF:7
FNH:6
FNDA:5,(anonymous_0)
FNDA:1,(anonymous_1)
FNDA:6,(anonymous_2)
FNDA:0,(anonymous_3)
FNDA:3,(anonymous_4)
FNDA:1,(anonymous_5)
FNDA:2,(anonymous_6)
DA:3,8
DA:4,8
DA:5,8
DA:8,8
DA:9,8
DA:23,5
DA:35,4
DA:37,4
DA:39,4
DA:48,1
DA:54,1
DA:66,6
DA:75,6
DA:77,6
DA:79,6
DA:89,0
DA:98,0
DA:100,0
DA:102,0
DA:118,3
DA:120,2
DA:122,2
DA:130,2
DA:132,2
DA:134,2
DA:136,1
DA:146,1
DA:152,1
DA:154,1
DA:168,2
DA:169,2
DA:170,0
DA:171,0
DA:172,0
DA:173,0
DA:175,2
DA:176,2
DA:177,2
DA:178,2
DA:179,2
DA:182,0
DA:188,8
LF:42
LH:33
BRDA:37,0,0,0
BRDA:37,0,1,4
BRDA:77,1,0,0
BRDA:77,1,1,6
BRDA:100,2,0,0
BRDA:100,2,1,0
BRDA:134,3,0,1
BRDA:134,3,1,1
BRDA:154,4,0,1
BRDA:154,4,1,0
BRDA:169,5,0,0
BRDA:169,5,1,2
BRDA:169,6,0,2
BRDA:169,6,1,2
BRDA:171,7,0,0
BRDA:171,7,1,0
BRDA:175,8,0,2
BRDA:175,8,1,0
BRDA:175,9,0,2
BRDA:175,9,1,2
BRDA:177,10,0,2
BRDA:177,10,1,0
BRF:22
BRH:12
end_of_record
TN:
SF:models/user.js
FN:24,(anonymous_0)
FN:59,(anonymous_1)
FN:104,(anonymous_2)
FN:126,(anonymous_3)
FN:162,(anonymous_4)
FN:195,(anonymous_5)
FN:210,(anonymous_6)
FN:224,(anonymous_7)
FNF:8
FNH:7
FNDA:3,(anonymous_0)
FNDA:7,(anonymous_1)
FNDA:1,(anonymous_2)
FNDA:2,(anonymous_3)
FNDA:4,(anonymous_4)
FNDA:2,(anonymous_5)
FNDA:1,(anonymous_6)
FNDA:0,(anonymous_7)
DA:3,7
DA:4,7
DA:5,7
DA:10,7
DA:12,7
DA:26,3
DA:38,3
DA:40,3
DA:42,1
DA:43,1
DA:44,1
DA:45,1
DA:49,2
DA:61,7
DA:68,7
DA:69,1
DA:72,6
DA:74,6
DA:94,6
DA:96,6
DA:105,1
DA:115,1
DA:127,2
DA:138,2
DA:140,2
DA:142,1
DA:163,4
DA:164,1
DA:167,4
DA:174,3
DA:176,3
DA:184,3
DA:185,3
DA:187,3
DA:189,2
DA:190,2
DA:196,2
DA:203,2
DA:205,2
DA:211,1
DA:217,1
DA:219,1
DA:221,1
DA:225,0
DA:230,0
DA:235,7
LF:46
LH:44
BRDA:40,0,0,1
BRDA:40,0,1,2
BRDA:43,1,0,1
BRDA:43,1,1,0
BRDA:68,2,0,1
BRDA:68,2,1,6
BRDA:140,3,0,1
BRDA:140,3,1,1
BRDA:163,4,0,1
BRDA:163,4,1,3
BRDA:187,5,0,1
BRDA:187,5,1,2
BRDA:205,6,0,1
BRDA:205,6,1,1
BRDA:219,7,0,0
BRDA:219,7,1,1
BRF:16
BRH:14
end_of_record
TN:
SF:routes/_testCommon.js
FN:9,commonBeforeAll
FN:88,commonBeforeEach
FN:92,commonAfterEach
FN:96,commonAfterAll
FNF:4
FNH:4
FNDA:5,commonBeforeAll
FNDA:2,commonBeforeEach
FNDA:74,commonAfterEach
FNDA:5,commonAfterAll
DA:3,5
DA:4,5
DA:5,5
DA:6,5
DA:7,5
DA:11,5
DA:13,5
DA:15,5
DA:23,4
DA:31,4
DA:40,2
DA:47,1
DA:54,1
DA:62,1
DA:70,1
DA:78,1
DA:89,2
DA:93,74
DA:97,5
DA:101,5
DA:102,5
DA:106,5
LF:22
LH:22
BRF:0
BRH:0
end_of_record
TN:
SF:routes/auth.js
FN:22,(anonymous_0)
FN:26,(anonymous_1)
FN:49,(anonymous_2)
FN:53,(anonymous_3)
FNF:4
FNH:0
FNDA:0,(anonymous_0)
FNDA:0,(anonymous_1)
FNDA:0,(anonymous_2)
FNDA:0,(anonymous_3)
DA:5,5
DA:7,5
DA:8,5
DA:9,5
DA:10,5
DA:11,5
DA:12,5
DA:13,5
DA:22,5
DA:23,0
DA:24,0
DA:25,0
DA:26,0
DA:27,0
DA:30,0
DA:31,0
DA:32,0
DA:33,0
DA:35,0
DA:49,5
DA:50,0
DA:51,0
DA:52,0
DA:53,0
DA:54,0
DA:57,0
DA:58,0
DA:59,0
DA:61,0
DA:66,5
LF:30
LH:11
BRDA:25,0,0,0
BRDA:25,0,1,0
BRDA:52,1,0,0
BRDA:52,1,1,0
BRF:4
BRH:0
end_of_record
TN:
SF:routes/companies.js
FN:28,(anonymous_0)
FN:32,(anonymous_1)
FN:53,(anonymous_2)
FN:77,(anonymous_3)
FN:99,(anonymous_4)
FN:103,(anonymous_5)
FN:119,(anonymous_6)
FNF:7
FNH:0
FNDA:0,(anonymous_0)
FNDA:0,(anonymous_1)
FNDA:0,(anonymous_2)
FNDA:0,(anonymous_3)
FNDA:0,(anonymous_4)
FNDA:0,(anonymous_5)
FNDA:0,(anonymous_6)
DA:5,5
DA:6,5
DA:8,5
DA:9,5
DA:10,5
DA:11,5
DA:13,5
DA:14,5
DA:16,5
DA:28,5
DA:29,0
DA:30,0
DA:31,0
DA:32,0
DA:33,0
DA:35,0
DA:36,0
DA:38,0
DA:53,5
DA:54,0
DA:56,0
DA:57,0
DA:58,0
DA:61,0
DA:62,0
DA:65,0
DA:77,5
DA:78,0
DA:79,0
DA:80,0
DA:82,0
DA:84,0
DA:99,5
DA:100,0
DA:101,0
DA:102,0
DA:103,0
DA:104,0
DA:107,0
DA:108,0
DA:110,0
DA:119,5
DA:120,0
DA:121,0
DA:122,0
DA:124,0
DA:129,5
LF:47
LH:15
BRDA:31,0,0,0
BRDA:31,0,1,0
BRDA:56,1,0,0
BRDA:56,1,1,0
BRDA:102,2,0,0
BRDA:102,2,1,0
BRF:6
BRH:0
end_of_record
TN:
SF:routes/jobs.js
FN:27,(anonymous_0)
FN:31,(anonymous_1)
FN:53,(anonymous_2)
FN:77,(anonymous_3)
FN:97,(anonymous_4)
FN:101,(anonymous_5)
FN:117,(anonymous_6)
FNF:7
FNH:0
FNDA:0,(anonymous_0)
FNDA:0,(anonymous_1)
FNDA:0,(anonymous_2)
FNDA:0,(anonymous_3)
FNDA:0,(anonymous_4)
FNDA:0,(anonymous_5)
FNDA:0,(anonymous_6)
DA:5,5
DA:6,5
DA:8,5
DA:9,5
DA:10,5
DA:12,5
DA:13,5
DA:15,5
DA:27,5
DA:28,0
DA:29,0
DA:30,0
DA:31,0
DA:32,0
DA:34,0
DA:35,0
DA:37,0
DA:38,0
DA:53,5
DA:54,0
DA:56,0
DA:57,0
DA:58,0
DA:61,0
DA:62,0
DA:65,0
DA:77,5
DA:78,0
DA:79,0
DA:80,0
DA:82,0
DA:97,5
DA:98,0
DA:99,0
DA:100,0
DA:101,0
DA:102,0
DA:105,0
DA:106,0
DA:108,0
DA:117,5
DA:118,0
DA:119,0
DA:120,0
DA:122,0
DA:127,5
LF:46
LH:14
BRDA:30,0,0,0
BRDA:30,0,1,0
BRDA:56,1,0,0
BRDA:56,1,1,0
BRDA:100,2,0,0
BRDA:100,2,1,0
BRF:6
BRH:0
end_of_record
TN:
SF:routes/users.js
FN:31,(anonymous_0)
FN:35,(anonymous_1)
FN:53,(anonymous_2)
FN:79,(anonymous_3)
FN:96,(anonymous_4)
FN:117,(anonymous_5)
FN:121,(anonymous_6)
FN:138,(anonymous_7)
FNF:8
FNH:0
FNDA:0,(anonymous_0)
FNDA:0,(anonymous_1)
FNDA:0,(anonymous_2)
FNDA:0,(anonymous_3)
FNDA:0,(anonymous_4)
FNDA:0,(anonymous_5)
FNDA:0,(anonymous_6)
FNDA:0,(anonymous_7)
DA:5,5
DA:7,5
DA:8,5
DA:9,5
DA:10,5
DA:11,5
DA:12,5
DA:13,5
DA:14,5
DA:16,5
DA:31,5
DA:32,0
DA:33,0
DA:34,0
DA:35,0
DA:36,0
DA:39,0
DA:40,0
DA:41,0
DA:43,0
DA:53,5
DA:54,0
DA:55,0
DA:57,0
DA:58,0
DA:60,0
DA:61,0
DA:63,0
DA:64,0
DA:67,0
DA:79,5
DA:80,0
DA:81,0
DA:82,0
DA:84,0
DA:96,5
DA:97,0
DA:98,0
DA:99,0
DA:100,0
DA:102,0
DA:117,5
DA:118,0
DA:119,0
DA:120,0
DA:121,0
DA:122,0
DA:125,0
DA:126,0
DA:128,0
DA:138,5
DA:139,0
DA:140,0
DA:141,0
DA:143,0
DA:148,5
LF:56
LH:17
BRDA:34,0,0,0
BRDA:34,0,1,0
BRDA:60,1,0,0
BRDA:60,1,1,0
BRDA:60,2,0,0
BRDA:60,2,1,0
BRDA:120,3,0,0
BRDA:120,3,1,0
BRF:8
BRH:0
end_of_record
